SF:/Users/mateusdaniel/flutter/git_helper/test/readme_test.dart
DA:8,1
DA:9,4
DA:12,1
DA:13,1
DA:14,3
DA:15,1
DA:17,1
DA:19,3
DA:20,1
DA:22,1
DA:24,1
DA:30,3
DA:33,1
DA:34,2
DA:35,2
DA:39,3
DA:40,3
DA:41,3
DA:43,1
DA:45,2
DA:46,3
LF:21
LH:21
end_of_record
SF:/Users/mateusdaniel/.pub-cache/hosted/pub.dartlang.org/path-1.8.3/lib/path.dart
DA:40,0
DA:43,0
DA:49,0
DA:56,3
DA:61,0
DA:66,1
DA:73,1
DA:74,0
DA:81,1
DA:84,3
DA:85,0
DA:87,1
DA:90,2
DA:91,3
DA:92,2
DA:110,0
DA:119,0
DA:134,0
DA:145,0
DA:155,0
DA:156,0
DA:177,3
DA:202,0
DA:203,0
DA:221,0
DA:235,0
DA:241,0
DA:251,0
DA:266,1
DA:282,2
DA:300,0
DA:324,0
DA:338,0
DA:348,0
DA:376,0
DA:377,0
DA:384,3
DA:391,0
DA:398,0
DA:403,0
DA:414,0
DA:415,0
DA:435,0
DA:457,0
DA:479,0
LF:45
LH:13
end_of_record
SF:/Users/mateusdaniel/.pub-cache/hosted/pub.dartlang.org/test_process-2.0.3/lib/test_process.dart
DA:46,0
DA:56,3
DA:59,0
DA:63,2
DA:64,2
DA:65,1
DA:79,1
DA:88,2
DA:95,2
DA:96,0
DA:98,2
DA:101,1
DA:111,1
DA:115,2
DA:116,2
DA:117,1
DA:118,2
DA:119,2
DA:120,1
DA:121,2
DA:122,7
DA:123,2
DA:130,4
DA:131,1
DA:132,0
DA:133,3
DA:136,3
DA:137,0
DA:138,0
DA:139,0
DA:144,1
DA:146,1
DA:148,0
DA:152,0
DA:156,1
DA:157,1
DA:158,1
DA:160,1
DA:164,1
DA:166,1
DA:167,3
DA:169,0
DA:171,2
DA:174,3
DA:175,2
DA:185,3
DA:194,0
DA:202,0
DA:203,0
DA:204,0
DA:208,0
DA:215,0
DA:216,0
DA:217,0
DA:225,1
DA:226,1
DA:228,1
DA:229,2
DA:234,1
DA:237,3
LF:60
LH:42
end_of_record
SF:/Users/mateusdaniel/.pub-cache/hosted/pub.dartlang.org/test_core-0.4.23/lib/src/bootstrap/vm.dart
DA:14,1
DA:16,2
DA:17,1
DA:18,2
DA:19,3
DA:21,2
DA:22,0
DA:23,0
DA:24,0
LF:9
LH:6
end_of_record
SF:/Users/mateusdaniel/.pub-cache/hosted/pub.dartlang.org/meta-1.9.0/lib/meta.dart
DA:390,1
DA:409,1
DA:431,1
DA:444,0
DA:448,1
DA:452,1
DA:463,1
DA:467,1
DA:471,1
DA:475,1
DA:479,1
DA:483,1
DA:487,1
DA:497,1
DA:507,1
DA:511,1
DA:523,1
DA:527,1
DA:535,1
DA:539,1
DA:544,1
DA:548,1
DA:552,1
LF:23
LH:22
end_of_record
SF:/Users/mateusdaniel/.pub-cache/hosted/pub.dartlang.org/test_core-0.4.23/lib/scaffolding.dart
DA:43,1
DA:44,1
DA:52,0
DA:54,0
DA:55,0
DA:57,0
DA:58,0
DA:59,0
DA:61,0
DA:62,0
DA:63,0
DA:64,0
DA:67,0
DA:68,0
DA:69,0
DA:70,0
DA:71,0
DA:72,0
DA:132,1
DA:141,3
DA:210,0
DA:219,0
DA:246,0
DA:261,0
DA:276,0
DA:289,0
DA:290,0
LF:27
LH:4
end_of_record
SF:/Users/mateusdaniel/.pub-cache/hosted/pub.dartlang.org/test_api-0.4.18/lib/src/backend/declarer.dart
DA:93,3
DA:107,3
DA:134,1
DA:142,1
DA:145,0
DA:153,1
DA:168,1
DA:169,2
DA:172,1
DA:180,1
DA:182,1
DA:183,1
DA:187,1
DA:193,1
DA:194,2
DA:195,2
DA:196,3
DA:197,1
DA:200,1
DA:201,1
DA:207,2
DA:208,1
DA:209,0
DA:213,2
DA:214,1
DA:215,1
DA:219,1
DA:220,1
DA:223,0
DA:228,0
DA:236,0
DA:238,0
DA:239,0
DA:243,0
DA:249,0
DA:250,0
DA:251,0
DA:252,0
DA:254,0
DA:258,0
DA:259,0
DA:261,0
DA:262,0
DA:263,0
DA:264,0
DA:267,0
DA:268,0
DA:269,0
DA:271,0
DA:273,0
DA:274,0
DA:279,2
DA:282,0
DA:283,0
DA:284,0
DA:288,0
DA:289,0
DA:290,0
DA:294,0
DA:295,0
DA:296,0
DA:297,0
DA:301,0
DA:302,0
DA:303,0
DA:304,0
DA:309,0
DA:310,0
DA:316,1
DA:317,1
DA:319,1
DA:320,3
DA:321,1
DA:322,0
DA:323,0
DA:324,0
DA:325,0
DA:326,0
DA:329,1
DA:331,2
DA:332,1
DA:333,1
DA:334,1
DA:335,1
DA:341,1
DA:342,1
DA:343,0
DA:350,1
DA:351,1
DA:353,2
DA:357,1
DA:358,2
DA:360,0
DA:361,0
DA:362,0
DA:363,0
DA:366,0
DA:367,0
DA:371,1
DA:374,4
DA:376,0
DA:377,0
DA:378,0
DA:381,0
DA:382,0
DA:385,1
DA:386,2
DA:387,0
DA:389,2
DA:397,0
DA:399,0
DA:400,0
LF:112
LH:50
end_of_record
SF:/Users/mateusdaniel/.pub-cache/hosted/pub.dartlang.org/test_api-0.4.18/lib/src/backend/invoker.dart
DA:49,1
DA:53,1
DA:57,1
DA:59,2
DA:60,1
DA:63,1
DA:65,3
DA:66,6
DA:67,2
DA:80,2
DA:96,4
DA:110,4
DA:113,0
DA:117,3
DA:120,1
DA:121,3
DA:123,0
DA:146,1
DA:148,2
DA:153,1
DA:154,2
DA:158,0
DA:159,0
DA:161,0
DA:163,0
DA:178,1
DA:181,2
DA:182,3
DA:190,1
DA:191,1
DA:193,2
DA:194,0
DA:196,2
DA:210,1
DA:211,1
DA:212,2
DA:217,1
DA:218,1
DA:219,2
DA:228,1
DA:229,1
DA:230,2
DA:231,1
DA:232,1
DA:234,1
DA:235,2
DA:236,4
DA:237,4
DA:239,1
DA:241,2
DA:249,1
DA:250,1
DA:253,1
DA:254,2
DA:255,1
DA:256,2
DA:258,1
DA:260,1
DA:262,2
DA:264,3
DA:265,2
DA:273,1
DA:274,2
DA:275,3
DA:276,4
DA:279,5
DA:281,0
DA:282,0
DA:283,0
DA:284,0
DA:289,2
DA:290,0
DA:291,0
DA:292,0
DA:303,0
DA:304,0
DA:307,0
DA:313,0
DA:315,0
DA:319,1
DA:320,1
DA:321,4
DA:322,0
DA:324,2
DA:331,0
DA:333,0
DA:336,0
DA:338,0
DA:340,0
DA:345,0
DA:347,0
DA:348,0
DA:349,0
DA:350,0
DA:353,0
DA:355,0
DA:356,0
DA:357,0
DA:366,0
DA:368,0
DA:377,1
DA:378,2
DA:380,2
DA:381,2
DA:382,2
DA:383,2
DA:392,2
DA:394,3
DA:395,4
DA:397,3
DA:399,4
DA:400,0
DA:401,0
DA:402,0
DA:406,6
DA:408,3
DA:410,1
DA:412,1
DA:413,1
DA:416,1
DA:418,4
DA:422,1
DA:423,1
DA:424,0
DA:426,1
DA:431,0
DA:440,3
DA:443,1
DA:444,2
DA:447,1
DA:448,2
DA:449,2
DA:450,2
DA:451,2
DA:457,0
DA:458,0
DA:463,1
LF:137
LH:94
end_of_record
SF:/Users/mateusdaniel/.pub-cache/hosted/pub.dartlang.org/test_core-0.4.23/lib/src/runner/engine.dart
DA:83,0
DA:84,0
DA:91,0
DA:92,0
DA:93,0
DA:94,0
DA:95,0
DA:96,0
DA:112,0
DA:119,0
DA:129,0
DA:137,0
DA:150,0
DA:151,0
DA:157,0
DA:161,0
DA:165,0
DA:169,0
DA:173,0
DA:177,0
DA:178,0
DA:188,0
DA:192,0
DA:205,0
DA:206,0
DA:208,0
DA:209,0
DA:210,0
DA:211,0
DA:212,0
DA:224,0
DA:226,0
DA:227,0
DA:228,0
DA:230,0
DA:241,0
DA:242,0
DA:243,0
DA:245,0
DA:247,0
DA:249,0
DA:250,0
DA:251,0
DA:253,0
DA:254,0
DA:257,0
DA:258,0
DA:259,0
DA:262,0
DA:265,0
DA:267,0
DA:268,0
DA:269,0
DA:270,0
DA:272,0
DA:274,0
DA:276,0
DA:277,0
DA:278,0
DA:279,0
DA:280,0
DA:282,0
DA:284,0
DA:293,0
DA:295,0
DA:297,0
DA:298,0
DA:300,0
DA:301,0
DA:302,0
DA:303,0
DA:304,0
DA:307,0
DA:309,0
DA:310,0
DA:311,0
DA:312,0
DA:313,0
DA:316,0
DA:317,0
DA:319,0
DA:320,0
DA:321,0
DA:322,0
DA:325,0
DA:326,0
DA:333,0
DA:334,0
DA:335,0
DA:336,0
DA:337,0
DA:340,0
DA:348,0
DA:350,0
DA:351,0
DA:353,0
DA:355,0
DA:356,0
DA:357,0
DA:359,0
DA:360,0
DA:362,0
DA:364,0
DA:368,0
DA:372,0
DA:374,0
DA:375,0
DA:377,0
DA:384,0
DA:386,0
DA:387,0
DA:391,0
DA:392,0
DA:393,0
DA:395,0
DA:397,0
DA:400,0
DA:401,0
DA:402,0
DA:404,0
DA:411,0
DA:412,0
DA:413,0
DA:416,0
DA:417,0
DA:418,0
DA:421,0
DA:422,0
DA:423,0
DA:429,0
DA:430,0
DA:431,0
DA:433,0
DA:434,0
DA:436,0
DA:438,0
DA:439,0
DA:440,0
DA:442,0
DA:443,0
DA:445,0
DA:447,0
DA:448,0
DA:452,0
DA:454,0
DA:457,0
DA:458,0
DA:463,0
DA:464,0
DA:472,0
DA:473,0
DA:475,0
DA:476,0
DA:477,0
DA:478,0
DA:488,0
DA:489,0
DA:490,0
DA:491,0
DA:492,0
DA:496,0
DA:497,0
DA:498,0
DA:499,0
DA:500,0
DA:501,0
DA:515,0
DA:516,0
DA:517,0
DA:518,0
DA:519,0
DA:523,0
DA:524,0
DA:530,0
DA:531,0
LF:175
LH:0
end_of_record
SF:/Users/mateusdaniel/.pub-cache/hosted/pub.dartlang.org/test_core-0.4.23/lib/src/runner/plugin/environment.dart
DA:15,0
DA:16,0
DA:18,2
DA:20,0
DA:23,0
DA:26,0
DA:27,0
LF:7
LH:1
end_of_record
SF:/Users/mateusdaniel/.pub-cache/hosted/pub.dartlang.org/test_core-0.4.23/lib/src/runner/reporter/expanded.dart
DA:100,0
DA:104,0
DA:107,0
DA:120,0
DA:124,0
DA:127,0
DA:129,0
DA:130,0
DA:132,0
DA:134,0
DA:135,0
DA:139,0
DA:141,0
DA:143,0
DA:145,0
DA:146,0
DA:150,0
DA:151,0
DA:152,0
DA:154,0
DA:158,0
DA:159,0
DA:160,0
DA:164,0
DA:169,0
DA:170,0
DA:171,0
DA:172,0
DA:173,0
DA:174,0
DA:177,0
DA:180,0
DA:181,0
DA:183,0
DA:184,0
DA:185,0
DA:186,0
DA:187,0
DA:192,0
DA:193,0
DA:197,0
DA:198,0
DA:203,0
DA:204,0
DA:205,0
DA:206,0
DA:209,0
DA:211,0
DA:213,0
DA:214,0
DA:215,0
DA:216,0
DA:221,0
DA:224,0
DA:225,0
DA:233,0
DA:234,0
DA:240,0
DA:241,0
DA:243,0
DA:244,0
DA:245,0
DA:247,0
DA:248,0
DA:249,0
DA:251,0
DA:254,0
DA:255,0
DA:256,0
DA:257,0
DA:268,0
DA:270,0
DA:271,0
DA:272,0
DA:273,0
DA:275,0
DA:279,0
DA:280,0
DA:281,0
DA:282,0
DA:283,0
DA:285,0
DA:287,0
DA:288,0
DA:291,0
DA:292,0
DA:293,0
DA:294,0
DA:295,0
DA:297,0
DA:298,0
DA:299,0
DA:300,0
DA:301,0
DA:304,0
DA:305,0
DA:306,0
DA:307,0
DA:308,0
DA:311,0
DA:312,0
DA:313,0
DA:314,0
DA:316,0
DA:320,0
DA:321,0
DA:322,0
DA:329,0
DA:330,0
DA:332,0
DA:333,0
DA:334,0
DA:335,0
DA:338,0
DA:339,0
DA:342,0
LF:116
LH:0
end_of_record
SF:/Users/mateusdaniel/.pub-cache/hosted/pub.dartlang.org/test_core-0.4.23/lib/src/runner/runner_suite.dart
DA:30,0
DA:33,0
DA:39,0
DA:45,0
DA:49,0
DA:53,0
DA:54,0
DA:55,0
DA:59,0
DA:61,0
DA:62,0
DA:64,0
DA:66,0
DA:67,0
DA:68,0
DA:72,0
DA:78,0
DA:79,0
DA:85,0
DA:112,0
DA:119,0
DA:120,0
DA:125,0
DA:136,0
DA:137,0
DA:138,0
DA:139,0
DA:152,0
DA:153,0
DA:154,0
DA:157,0
DA:159,0
DA:162,0
DA:163,0
DA:164,0
DA:169,0
DA:170,0
DA:171,0
DA:172,0
LF:39
LH:0
end_of_record
SF:/Users/mateusdaniel/.pub-cache/hosted/pub.dartlang.org/test_core-0.4.23/lib/src/runner/suite.dart
DA:37,0
DA:48,0
DA:66,0
DA:70,0
DA:75,0
DA:79,0
DA:108,0
DA:110,0
DA:127,0
DA:128,0
DA:129,0
DA:130,0
DA:132,0
DA:147,0
DA:149,0
DA:170,0
DA:182,0
DA:191,0
DA:198,0
DA:219,0
DA:240,0
DA:241,0
DA:244,0
DA:245,0
DA:248,0
DA:249,0
DA:255,0
DA:272,0
DA:273,0
DA:274,0
DA:275,0
DA:277,0
DA:281,0
DA:282,0
DA:283,0
DA:284,0
DA:285,0
DA:286,0
DA:287,0
DA:302,0
DA:304,0
DA:305,0
DA:310,0
DA:311,0
DA:312,0
DA:320,0
DA:321,0
DA:322,0
DA:323,0
DA:325,0
DA:327,0
DA:329,0
DA:330,0
DA:331,0
DA:332,0
DA:334,0
DA:335,0
DA:336,0
DA:337,0
DA:338,0
DA:339,0
DA:340,0
DA:341,0
DA:348,0
DA:369,0
DA:371,0
DA:373,0
DA:374,0
DA:375,0
DA:376,0
DA:377,0
DA:378,0
DA:379,0
DA:380,0
DA:381,0
DA:382,0
DA:383,0
DA:391,0
DA:392,0
DA:402,0
DA:403,0
DA:404,0
DA:405,0
DA:407,0
DA:408,0
DA:409,0
DA:410,0
DA:411,0
DA:412,0
DA:413,0
DA:414,0
DA:415,0
DA:416,0
DA:417,0
DA:421,0
DA:423,0
DA:424,0
DA:426,0
DA:428,0
DA:430,0
DA:431,0
DA:432,0
DA:433,0
DA:435,0
DA:441,0
DA:442,0
DA:443,0
DA:449,0
DA:450,0
DA:453,0
DA:454,0
DA:455,0
DA:457,0
DA:464,0
DA:466,0
DA:467,0
DA:469,0
DA:472,0
DA:475,0
DA:476,0
DA:477,0
DA:478,0
DA:481,0
DA:482,0
LF:124
LH:0
end_of_record
SF:/Users/mateusdaniel/.pub-cache/hosted/pub.dartlang.org/test_core-0.4.23/lib/src/util/async.dart
DA:14,0
DA:15,0
DA:16,0
DA:18,0
DA:19,0
DA:21,0
DA:22,0
DA:23,0
DA:24,0
DA:25,0
DA:26,0
DA:27,0
DA:31,0
DA:34,0
LF:14
LH:0
end_of_record
SF:/Users/mateusdaniel/.pub-cache/hosted/pub.dartlang.org/test_core-0.4.23/lib/src/util/os.dart
DA:11,0
DA:12,0
DA:13,0
DA:14,0
DA:15,0
DA:16,0
DA:25,0
DA:26,0
DA:27,0
DA:28,0
DA:30,0
LF:11
LH:0
end_of_record
SF:/Users/mateusdaniel/.pub-cache/hosted/pub.dartlang.org/test_core-0.4.23/lib/src/util/print_sink.dart
DA:8,0
DA:10,0
DA:11,0
DA:14,0
DA:16,0
DA:17,0
DA:20,0
DA:22,0
DA:23,0
DA:26,0
DA:28,0
DA:29,0
DA:33,0
DA:34,0
DA:35,0
DA:36,0
LF:16
LH:0
end_of_record
SF:/Users/mateusdaniel/.pub-cache/hosted/pub.dartlang.org/stream_channel-2.1.1/lib/stream_channel.dart
DA:73,0
DA:74,0
DA:86,1
DA:88,1
DA:99,0
DA:101,0
DA:146,0
DA:152,1
DA:154,3
DA:155,3
DA:158,0
DA:160,0
DA:162,0
DA:164,0
DA:166,0
DA:168,0
DA:170,0
DA:172,0
DA:174,0
DA:176,0
DA:178,0
DA:179,0
DA:180,0
LF:23
LH:5
end_of_record
SF:/Users/mateusdaniel/.pub-cache/hosted/pub.dartlang.org/test_core-0.4.23/lib/src/runner/plugin/remote_platform_helpers.dart
DA:28,1
DA:33,1
DA:44,0
DA:45,0
DA:47,0
DA:51,0
LF:6
LH:2
end_of_record
SF:/Users/mateusdaniel/.pub-cache/hosted/pub.dartlang.org/test_core-0.4.23/lib/src/runner/coverage.dart
DA:13,0
DA:15,0
DA:16,0
DA:17,0
DA:18,0
DA:19,0
DA:20,0
DA:21,0
DA:22,0
DA:23,0
LF:10
LH:0
end_of_record
SF:/Users/mateusdaniel/.pub-cache/hosted/pub.dartlang.org/test_core-0.4.23/lib/src/runner/live_suite_controller.dart
DA:20,0
DA:21,0
DA:23,0
DA:24,0
DA:26,0
DA:27,0
DA:29,0
DA:30,0
DA:32,0
DA:34,0
DA:36,0
DA:37,0
DA:39,0
DA:40,0
DA:42,0
DA:43,0
DA:45,0
DA:46,0
DA:48,0
DA:98,0
DA:107,0
DA:108,0
DA:109,0
DA:112,0
DA:113,0
DA:115,0
DA:117,0
DA:118,0
DA:119,0
DA:121,0
DA:122,0
DA:123,0
DA:124,0
DA:125,0
DA:127,0
DA:129,0
DA:133,0
DA:135,0
DA:140,0
DA:141,0
DA:142,0
DA:146,0
DA:148,0
DA:150,0
LF:44
LH:0
end_of_record
SF:/Users/mateusdaniel/.pub-cache/hosted/pub.dartlang.org/pool-1.5.1/lib/pool.dart
DA:66,0
DA:73,0
DA:81,0
DA:82,0
DA:83,0
DA:90,0
DA:98,0
DA:99,0
DA:100,0
DA:103,0
DA:104,0
DA:105,0
DA:106,0
DA:107,0
DA:109,0
DA:110,0
DA:111,0
DA:112,0
DA:120,0
DA:121,0
DA:122,0
DA:125,0
DA:127,0
DA:129,0
DA:153,0
DA:156,0
DA:165,0
DA:166,0
DA:169,0
DA:171,0
DA:174,0
DA:183,0
DA:185,0
DA:186,0
DA:190,0
DA:196,0
DA:197,0
DA:199,0
DA:200,0
DA:201,0
DA:202,0
DA:203,0
DA:204,0
DA:206,0
DA:209,0
DA:212,0
DA:213,0
DA:217,0
DA:218,0
DA:219,0
DA:221,0
DA:222,0
DA:223,0
DA:228,0
DA:242,0
DA:243,0
DA:245,0
DA:247,0
DA:248,0
DA:249,0
DA:252,0
DA:253,0
DA:255,0
DA:256,0
DA:261,0
DA:262,0
DA:264,0
DA:265,0
DA:266,0
DA:268,0
DA:269,0
DA:275,0
DA:276,0
DA:278,0
DA:279,0
DA:280,0
DA:281,0
DA:282,0
DA:283,0
DA:284,0
DA:286,0
DA:287,0
DA:288,0
DA:297,0
DA:298,0
DA:299,0
DA:300,0
DA:301,0
DA:304,0
DA:305,0
DA:306,0
DA:310,0
DA:311,0
DA:313,0
DA:314,0
DA:316,0
DA:322,0
DA:323,0
DA:324,0
DA:325,0
DA:328,0
DA:329,0
DA:331,0
DA:332,0
DA:346,0
DA:350,0
DA:351,0
DA:352,0
DA:354,0
DA:355,0
DA:370,0
DA:371,0
DA:372,0
DA:374,0
DA:375,0
LF:115
LH:0
end_of_record
SF:/Users/mateusdaniel/.pub-cache/hosted/pub.dartlang.org/test_api-0.4.18/lib/src/backend/group.dart
DA:29,0
DA:30,0
DA:43,0
DA:44,0
DA:45,0
DA:46,0
DA:47,0
DA:52,1
DA:54,1
DA:55,0
DA:57,1
DA:59,3
DA:60,2
DA:61,3
DA:62,1
DA:63,2
DA:65,1
DA:66,1
DA:67,1
DA:70,0
DA:72,0
DA:73,0
DA:74,0
DA:75,0
DA:76,0
DA:77,0
DA:78,0
DA:84,1
DA:85,1
DA:86,3
DA:87,1
DA:88,1
LF:32
LH:16
end_of_record
SF:/Users/mateusdaniel/.pub-cache/hosted/pub.dartlang.org/test_api-0.4.18/lib/src/backend/live_test.dart
DA:61,4
DA:105,0
DA:106,0
DA:107,0
DA:108,0
DA:112,0
DA:114,0
DA:118,0
LF:8
LH:1
end_of_record
SF:/Users/mateusdaniel/.pub-cache/hosted/pub.dartlang.org/test_api-0.4.18/lib/src/backend/live_test_controller.dart
DA:23,0
DA:46,0
DA:47,0
DA:58,1
DA:59,2
DA:66,1
DA:67,2
DA:74,1
DA:75,2
DA:83,3
DA:101,1
DA:103,1
DA:110,0
DA:111,0
DA:113,0
DA:114,0
DA:115,0
DA:116,0
DA:124,1
DA:125,1
DA:126,2
DA:128,1
DA:129,2
DA:133,0
DA:134,0
DA:135,0
DA:139,0
DA:143,1
DA:145,1
DA:146,0
DA:147,1
DA:148,0
DA:151,1
DA:153,2
DA:154,1
DA:160,1
DA:161,2
DA:163,0
DA:165,0
DA:167,0
DA:168,0
DA:170,0
DA:171,0
DA:173,0
DA:176,0
LF:45
LH:22
end_of_record
SF:/Users/mateusdaniel/.pub-cache/hosted/pub.dartlang.org/test_api-0.4.18/lib/src/backend/message.dart
DA:15,0
DA:17,0
DA:18,0
DA:31,0
DA:33,0
DA:35,0
DA:38,0
DA:42,1
DA:44,0
DA:45,0
LF:10
LH:1
end_of_record
SF:/Users/mateusdaniel/.pub-cache/hosted/pub.dartlang.org/test_api-0.4.18/lib/src/backend/state.dart
DA:26,3
DA:28,4
DA:30,1
DA:32,4
DA:34,0
DA:35,0
DA:37,0
DA:39,0
DA:40,0
DA:41,0
DA:42,0
DA:66,0
DA:68,0
DA:70,0
DA:72,0
DA:75,0
DA:79,1
DA:81,0
DA:82,0
DA:116,2
DA:122,2
DA:124,0
DA:126,0
DA:128,0
DA:130,0
DA:132,0
DA:135,0
DA:139,1
DA:141,0
DA:142,0
LF:30
LH:8
end_of_record
SF:/Users/mateusdaniel/.pub-cache/hosted/pub.dartlang.org/test_api-0.4.18/lib/src/backend/test.dart
DA:40,0
DA:41,0
LF:2
LH:0
end_of_record
SF:/Users/mateusdaniel/.pub-cache/hosted/pub.dartlang.org/test_core-0.4.23/lib/src/runner/live_suite.dart
DA:49,0
DA:50,0
DA:51,0
DA:52,0
DA:53,0
LF:5
LH:0
end_of_record
SF:/Users/mateusdaniel/.pub-cache/hosted/pub.dartlang.org/test_core-0.4.23/lib/src/runner/load_suite.dart
DA:32,0
DA:58,0
DA:66,0
DA:78,0
DA:88,0
DA:91,0
DA:92,0
DA:93,0
DA:94,0
DA:96,0
DA:99,0
DA:101,0
DA:104,0
DA:107,0
DA:111,0
DA:112,0
DA:113,0
DA:118,0
DA:119,0
DA:124,0
DA:125,0
DA:131,0
DA:134,0
DA:136,0
DA:137,0
DA:138,0
DA:139,0
DA:140,0
DA:141,0
DA:145,0
DA:146,0
DA:147,0
DA:148,0
DA:151,0
DA:154,0
DA:155,0
DA:156,0
DA:162,0
DA:163,0
DA:164,0
DA:165,0
DA:168,0
DA:169,0
DA:170,0
DA:171,0
DA:172,0
DA:180,0
DA:181,0
DA:184,0
DA:186,0
DA:187,0
DA:189,0
DA:197,0
DA:198,0
DA:199,0
DA:200,0
DA:202,0
DA:204,0
DA:205,0
DA:209,0
DA:211,0
DA:212,0
DA:213,0
DA:216,0
DA:219,0
DA:221,0
LF:66
LH:0
end_of_record
SF:/Users/mateusdaniel/.pub-cache/hosted/pub.dartlang.org/test_core-0.4.23/lib/src/runner/util/iterable_set.dart
DA:22,0
DA:23,0
DA:25,0
DA:26,0
DA:29,0
DA:31,0
DA:32,0
DA:34,0
DA:36,0
DA:37,0
DA:42,0
DA:43,0
LF:12
LH:0
end_of_record
SF:/Users/mateusdaniel/.pub-cache/hosted/pub.dartlang.org/collection-1.17.1/lib/src/unmodifiable_wrappers.dart
DA:23,0
DA:29,0
DA:30,0
DA:35,0
DA:36,0
DA:40,0
DA:41,0
DA:45,0
DA:46,0
DA:50,0
DA:51,0
DA:55,0
DA:56,0
DA:60,0
DA:61,0
DA:65,0
DA:66,0
DA:70,0
DA:71,0
DA:75,0
DA:76,0
DA:80,0
DA:81,0
DA:85,0
DA:86,0
DA:90,0
DA:91,0
DA:95,0
DA:96,0
DA:108,1
DA:120,0
DA:121,0
DA:126,0
DA:127,0
DA:131,0
DA:132,0
DA:136,0
DA:137,0
DA:141,0
DA:142,0
DA:146,0
DA:147,0
DA:151,0
DA:152,0
DA:156,0
DA:157,0
DA:161,0
DA:162,0
DA:168,0
DA:169,0
DA:174,0
DA:175,0
DA:179,0
DA:180,0
DA:184,0
DA:185,0
DA:189,0
DA:190,0
DA:194,0
DA:195,0
DA:199,0
DA:203,0
LF:62
LH:1
end_of_record
SF:/Users/mateusdaniel/.pub-cache/hosted/pub.dartlang.org/test_core-0.4.23/lib/src/runner/environment.dart
DA:41,0
DA:42,0
DA:44,0
DA:46,0
DA:49,0
DA:52,0
DA:53,0
LF:7
LH:0
end_of_record
SF:/Users/mateusdaniel/.pub-cache/hosted/pub.dartlang.org/test_core-0.4.23/lib/src/runner/load_exception.dart
DA:14,0
DA:16,0
DA:18,0
DA:19,0
DA:20,0
DA:21,0
DA:23,0
DA:24,0
DA:25,0
DA:26,0
DA:27,0
DA:30,0
DA:31,0
DA:32,0
LF:14
LH:0
end_of_record
SF:/Users/mateusdaniel/.pub-cache/hosted/pub.dartlang.org/test_core-0.4.23/lib/src/util/errors.dart
DA:7,0
DA:13,0
DA:14,0
LF:3
LH:0
end_of_record
SF:/Users/mateusdaniel/.pub-cache/hosted/pub.dartlang.org/test_api-0.4.18/lib/src/backend/metadata.dart
DA:24,0
DA:33,0
DA:40,2
DA:44,3
DA:51,0
DA:76,1
DA:78,1
DA:80,0
DA:81,0
DA:82,0
DA:83,0
DA:84,0
DA:85,0
DA:86,0
DA:88,0
DA:95,0
DA:99,0
DA:100,0
DA:102,0
DA:107,0
DA:109,0
DA:113,0
DA:115,0
DA:120,0
DA:126,1
DA:128,0
DA:129,0
DA:130,0
DA:134,0
DA:135,0
DA:138,0
DA:148,1
DA:161,2
DA:176,0
DA:177,1
DA:178,1
DA:183,1
DA:184,3
DA:185,0
DA:186,0
DA:189,2
DA:190,0
DA:196,1
DA:214,2
DA:216,1
DA:217,1
DA:218,0
DA:219,1
DA:226,1
DA:238,0
DA:240,0
DA:244,1
DA:245,1
DA:246,1
DA:248,0
DA:249,0
DA:252,0
DA:254,1
DA:258,1
DA:259,1
DA:261,0
DA:262,2
DA:263,1
DA:264,1
DA:265,1
DA:266,1
DA:267,1
DA:268,2
DA:269,1
DA:270,2
DA:271,0
DA:272,0
DA:274,2
DA:275,0
DA:276,0
DA:278,1
DA:281,1
DA:282,1
DA:283,1
DA:284,1
DA:285,0
DA:290,1
DA:291,1
DA:292,1
DA:293,1
DA:294,1
DA:296,1
DA:298,0
DA:299,0
DA:306,1
DA:307,2
DA:308,2
DA:309,0
DA:310,0
DA:319,2
DA:320,3
DA:321,3
DA:322,2
DA:323,2
DA:324,2
DA:325,2
DA:326,2
DA:327,3
DA:328,3
DA:329,0
DA:330,3
DA:331,0
DA:333,2
DA:336,0
DA:348,0
DA:349,0
DA:350,0
DA:351,0
DA:352,0
DA:353,0
DA:354,0
DA:355,0
DA:356,0
DA:357,0
DA:358,0
DA:359,0
DA:375,1
DA:376,2
DA:379,0
DA:380,0
DA:381,0
DA:383,0
DA:388,1
DA:390,1
DA:391,2
DA:392,0
DA:395,1
DA:396,2
DA:397,2
DA:398,1
DA:399,1
DA:400,1
DA:401,1
DA:402,1
DA:403,2
DA:405,2
DA:406,0
DA:407,1
DA:412,1
DA:413,1
DA:414,1
DA:415,1
DA:416,1
LF:148
LH:81
end_of_record
SF:/Users/mateusdaniel/.pub-cache/hosted/pub.dartlang.org/test_api-0.4.18/lib/src/backend/runtime.dart
DA:59,0
DA:83,0
DA:85,1
DA:94,0
DA:95,0
DA:96,0
DA:97,0
DA:98,0
DA:99,0
DA:100,0
DA:104,1
DA:105,1
DA:107,4
DA:111,0
DA:117,0
DA:118,0
DA:121,0
DA:122,0
DA:123,0
DA:124,0
DA:125,0
DA:126,0
DA:127,0
DA:132,0
DA:133,0
DA:135,0
DA:136,0
DA:137,0
DA:138,0
DA:139,0
DA:143,0
DA:144,0
DA:145,0
DA:146,0
DA:147,0
DA:148,0
DA:149,0
DA:150,0
DA:151,0
DA:159,0
DA:160,0
DA:161,0
DA:164,0
DA:165,0
LF:44
LH:4
end_of_record
SF:/Users/mateusdaniel/.pub-cache/hosted/pub.dartlang.org/test_api-0.4.18/lib/src/backend/suite.dart
DA:24,0
DA:38,1
DA:39,1
DA:44,1
DA:45,1
DA:47,0
DA:54,0
DA:55,0
DA:56,0
DA:57,0
DA:58,0
DA:61,0
LF:12
LH:4
end_of_record
SF:/Users/mateusdaniel/.pub-cache/hosted/pub.dartlang.org/test_api-0.4.18/lib/src/backend/suite_platform.dart
DA:27,1
DA:29,2
DA:30,0
DA:36,1
DA:38,3
DA:39,2
DA:40,1
DA:45,0
DA:46,0
DA:47,0
DA:48,0
LF:11
LH:6
end_of_record
SF:/Users/mateusdaniel/.pub-cache/hosted/pub.dartlang.org/test_core-0.4.23/lib/src/util/io.dart
DA:24,0
DA:27,0
DA:29,0
DA:30,0
DA:34,0
DA:37,0
DA:40,0
DA:43,0
DA:49,0
DA:50,0
DA:51,0
DA:54,0
DA:55,0
DA:56,0
DA:57,0
DA:58,0
DA:64,0
DA:65,0
DA:70,0
DA:73,0
DA:80,0
DA:81,0
DA:82,0
DA:87,0
DA:88,0
DA:94,0
DA:97,0
DA:98,0
DA:108,0
DA:109,0
DA:110,0
DA:111,0
DA:112,0
DA:121,0
DA:122,0
DA:123,0
DA:125,0
DA:126,0
DA:127,0
DA:128,0
DA:129,0
DA:130,0
DA:131,0
DA:133,0
DA:134,0
DA:135,0
DA:138,0
DA:139,0
DA:142,0
DA:143,0
DA:154,0
DA:155,0
DA:157,0
DA:169,0
DA:172,0
DA:173,0
DA:187,0
DA:191,0
DA:193,0
DA:194,0
DA:195,0
DA:200,0
DA:201,0
DA:202,0
DA:212,0
DA:214,0
DA:215,0
DA:216,0
DA:218,0
DA:219,0
LF:70
LH:0
end_of_record
SF:/Users/mateusdaniel/.pub-cache/hosted/pub.dartlang.org/test_core-0.4.23/lib/src/util/pair.dart
DA:10,0
DA:12,0
DA:13,0
DA:15,0
DA:17,0
DA:18,0
DA:21,0
DA:22,0
LF:8
LH:0
end_of_record
SF:/Users/mateusdaniel/.pub-cache/hosted/pub.dartlang.org/test_core-0.4.23/lib/src/util/pretty_print.dart
DA:6,0
DA:9,0
DA:12,0
DA:16,0
DA:19,0
DA:20,0
DA:21,0
DA:23,0
DA:25,0
DA:26,0
DA:28,0
DA:29,0
DA:36,0
DA:38,0
DA:41,0
DA:42,0
DA:43,0
DA:44,0
DA:46,0
DA:47,0
DA:48,0
DA:49,0
DA:50,0
DA:52,0
DA:53,0
DA:54,0
DA:55,0
DA:56,0
DA:57,0
DA:59,0
DA:65,0
DA:66,0
DA:67,0
DA:68,0
DA:70,0
LF:35
LH:0
end_of_record
SF:/Users/mateusdaniel/.pub-cache/hosted/pub.dartlang.org/test_core-0.4.23/lib/src/runner/runtime_selection.dart
DA:17,0
DA:19,0
DA:20,0
DA:22,0
DA:23,0
LF:5
LH:0
end_of_record
SF:/Users/mateusdaniel/.pub-cache/hosted/pub.dartlang.org/test_api-0.4.18/lib/src/backend/platform_selector.dart
DA:13,0
DA:14,0
DA:15,0
DA:16,0
DA:17,0
DA:18,0
DA:19,0
DA:20,0
DA:21,0
DA:22,0
DA:45,0
DA:47,0
DA:50,1
DA:56,0
DA:57,0
DA:60,0
DA:61,0
DA:62,0
DA:69,1
DA:72,0
DA:73,0
DA:74,0
DA:75,0
DA:76,0
DA:80,1
DA:81,2
DA:82,0
DA:83,0
DA:84,0
DA:86,0
DA:87,0
DA:88,0
DA:89,0
DA:90,0
DA:91,0
DA:92,0
DA:93,0
DA:94,0
DA:95,0
DA:96,0
DA:97,0
DA:98,0
DA:99,0
DA:108,1
DA:109,1
DA:110,0
DA:113,0
DA:114,0
DA:116,1
DA:118,4
DA:120,0
DA:121,0
LF:52
LH:8
end_of_record
SF:/Users/mateusdaniel/.pub-cache/hosted/pub.dartlang.org/test_api-0.4.18/lib/src/backend/operating_system.dart
DA:44,1
DA:45,4
DA:46,0
DA:52,0
DA:54,0
DA:56,0
DA:58,0
DA:60,0
DA:62,0
DA:76,0
DA:78,1
DA:80,0
DA:81,0
LF:13
LH:3
end_of_record
SF:/Users/mateusdaniel/.pub-cache/hosted/pub.dartlang.org/test_api-0.4.18/lib/hooks.dart
DA:21,1
DA:22,1
DA:23,0
DA:24,1
DA:25,1
DA:28,0
DA:32,1
DA:34,0
DA:42,5
DA:48,0
DA:49,0
DA:50,0
DA:57,1
DA:58,2
DA:59,3
DA:64,0
DA:65,0
DA:72,1
DA:73,2
DA:75,1
DA:76,1
DA:77,1
DA:78,4
LF:23
LH:15
end_of_record
SF:/Users/mateusdaniel/.pub-cache/hosted/pub.dartlang.org/test_api-0.4.18/lib/src/backend/remote_exception.dart
DA:32,0
DA:34,0
DA:38,0
DA:39,0
DA:44,0
DA:46,0
DA:48,0
DA:50,0
DA:51,0
DA:59,0
DA:60,0
DA:61,0
DA:65,0
DA:66,0
DA:67,0
DA:68,0
DA:70,0
DA:71,0
DA:72,0
DA:74,0
DA:78,0
DA:80,0
DA:81,0
DA:89,0
DA:90,0
LF:25
LH:0
end_of_record
SF:/Users/mateusdaniel/.pub-cache/hosted/pub.dartlang.org/test_api-0.4.18/lib/src/backend/remote_listener.dart
DA:46,1
DA:54,1
DA:55,2
DA:59,0
DA:60,1
DA:61,0
DA:62,0
DA:65,1
DA:66,3
DA:67,2
DA:70,1
DA:71,0
DA:72,0
DA:75,0
DA:79,1
DA:80,0
DA:85,2
DA:86,1
DA:87,3
DA:89,3
DA:90,0
DA:91,0
DA:95,0
DA:96,0
DA:97,0
DA:100,1
DA:101,2
DA:102,1
DA:103,1
DA:105,2
DA:106,1
DA:107,1
DA:110,1
DA:112,2
DA:113,2
DA:114,2
DA:117,0
DA:120,1
DA:122,1
DA:123,1
DA:124,2
DA:125,1
DA:126,1
DA:129,2
DA:130,1
DA:131,3
DA:136,1
DA:137,0
DA:138,0
DA:142,1
DA:147,1
DA:149,1
DA:150,0
DA:156,0
DA:157,0
DA:161,0
DA:163,0
DA:165,0
DA:167,0
DA:168,0
DA:172,1
DA:176,1
DA:177,3
DA:179,4
DA:186,1
DA:188,2
DA:189,1
DA:191,1
DA:192,2
DA:193,1
DA:195,0
DA:196,0
DA:197,0
DA:198,0
DA:199,2
DA:200,2
DA:201,3
DA:202,1
DA:203,0
DA:204,1
DA:205,1
DA:213,1
DA:217,1
DA:218,3
DA:219,3
DA:220,3
DA:221,3
DA:224,1
DA:226,1
DA:227,2
DA:228,1
DA:230,0
DA:231,0
DA:232,0
DA:233,0
DA:234,1
DA:239,1
DA:240,2
DA:241,0
DA:242,0
DA:245,3
DA:246,3
DA:248,2
DA:249,2
DA:253,2
DA:254,0
DA:256,0
DA:257,0
DA:258,0
DA:259,0
DA:263,2
DA:264,0
DA:265,0
DA:267,0
DA:268,0
DA:272,2
DA:273,6
DA:274,1
LF:118
LH:75
end_of_record
SF:/Users/mateusdaniel/.pub-cache/hosted/pub.dartlang.org/test_api-0.4.18/lib/src/backend/stack_trace_formatter.dart
DA:13,3
DA:34,1
DA:35,3
DA:41,1
DA:42,3
DA:50,1
DA:52,0
DA:53,0
DA:54,0
DA:63,0
DA:64,0
DA:67,0
DA:70,0
DA:71,0
DA:72,0
LF:15
LH:6
end_of_record
SF:/Users/mateusdaniel/.pub-cache/hosted/pub.dartlang.org/test_api-0.4.18/lib/src/expect/expect.dart
DA:41,1
DA:46,1
DA:61,0
DA:62,0
DA:65,1
DA:67,1
DA:68,0
DA:69,0
DA:70,0
DA:72,0
DA:76,0
DA:77,0
DA:80,1
DA:81,0
DA:83,0
DA:84,0
DA:86,0
DA:88,0
DA:89,0
DA:92,0
DA:93,0
DA:96,1
DA:98,1
DA:99,1
DA:100,5
DA:103,1
DA:104,0
DA:105,1
DA:106,1
DA:107,2
DA:109,0
DA:111,2
DA:114,1
DA:118,0
DA:121,1
DA:123,1
DA:124,2
DA:127,0
DA:129,0
DA:134,0
DA:137,0
DA:139,0
DA:140,0
DA:141,0
DA:142,0
DA:143,0
DA:144,0
LF:47
LH:18
end_of_record
SF:/Users/mateusdaniel/.pub-cache/hosted/pub.dartlang.org/test_api-0.4.18/lib/src/expect/expect_async.dart
DA:76,1
DA:81,2
DA:83,0
DA:84,1
DA:86,2
DA:87,0
DA:88,0
DA:91,1
DA:92,0
DA:96,1
DA:97,3
DA:98,1
DA:100,0
DA:108,1
DA:109,0
DA:113,1
DA:115,1
DA:116,2
DA:118,0
DA:119,0
DA:120,0
DA:121,0
DA:126,0
DA:127,0
DA:128,0
DA:130,0
DA:131,0
DA:132,0
DA:133,0
DA:134,0
DA:135,0
DA:137,0
DA:138,0
DA:144,2
DA:146,0
DA:148,0
DA:150,0
DA:154,0
DA:156,0
DA:161,0
DA:163,0
DA:169,0
DA:171,1
DA:178,5
DA:181,1
DA:186,2
DA:187,2
DA:188,0
DA:189,0
DA:190,5
DA:191,0
DA:192,0
DA:195,3
DA:197,1
DA:202,1
DA:203,1
DA:204,5
DA:205,1
DA:209,1
DA:210,2
DA:218,0
DA:221,0
DA:244,1
DA:246,2
DA:269,0
DA:271,0
DA:294,0
DA:296,0
DA:319,0
DA:321,0
DA:344,0
DA:350,0
DA:373,0
DA:379,0
DA:402,0
DA:408,0
DA:414,0
DA:417,0
DA:418,0
DA:437,0
DA:439,0
DA:441,0
DA:460,0
DA:463,0
DA:465,0
DA:484,0
DA:487,0
DA:489,0
DA:508,0
DA:511,0
DA:513,0
DA:532,0
DA:535,0
DA:537,0
DA:556,0
DA:559,0
DA:561,0
DA:580,0
DA:583,0
DA:585,0
LF:100
LH:29
end_of_record
SF:/Users/mateusdaniel/.pub-cache/hosted/pub.dartlang.org/test_api-0.4.18/lib/src/expect/future_matchers.dart
DA:22,2
DA:35,0
DA:37,0
DA:42,1
DA:45,1
DA:47,1
DA:49,2
DA:50,1
DA:53,0
DA:54,0
DA:57,0
DA:58,0
DA:59,0
DA:60,0
DA:61,0
DA:64,0
DA:65,0
DA:66,0
DA:67,0
DA:71,0
DA:73,0
DA:74,0
DA:76,0
DA:87,0
DA:90,1
DA:92,0
DA:94,0
DA:98,0
DA:100,0
DA:101,0
DA:102,0
DA:105,0
DA:109,0
DA:112,0
LF:34
LH:7
end_of_record
SF:/Users/mateusdaniel/.pub-cache/hosted/pub.dartlang.org/test_api-0.4.18/lib/src/expect/never_called.dart
DA:27,0
DA:40,0
DA:42,0
DA:43,0
DA:54,0
DA:55,0
DA:56,0
DA:58,0
DA:60,0
DA:61,0
DA:62,0
DA:65,0
LF:12
LH:0
end_of_record
SF:/Users/mateusdaniel/.pub-cache/hosted/pub.dartlang.org/test_api-0.4.18/lib/src/expect/prints_matcher.dart
DA:24,0
DA:29,0
DA:33,0
DA:35,0
DA:37,0
DA:38,0
DA:39,0
DA:40,0
DA:43,0
DA:44,0
DA:45,0
DA:48,0
DA:50,0
DA:54,0
DA:55,0
DA:56,0
DA:58,0
DA:59,0
DA:60,0
DA:62,0
DA:63,0
DA:64,0
DA:66,0
DA:68,0
DA:69,0
LF:25
LH:0
end_of_record
SF:/Users/mateusdaniel/.pub-cache/hosted/pub.dartlang.org/test_api-0.4.18/lib/src/expect/stream_matcher.dart
DA:118,0
DA:120,0
DA:121,0
DA:123,0
DA:127,0
DA:129,0
DA:130,0
DA:138,0
DA:139,0
DA:140,0
DA:144,0
DA:150,0
DA:151,0
DA:153,0
DA:154,0
DA:157,0
DA:158,0
DA:160,0
DA:163,0
DA:164,0
DA:166,0
DA:167,0
DA:168,0
DA:169,0
DA:171,0
DA:172,0
DA:174,0
DA:176,0
DA:177,0
DA:178,0
DA:179,0
DA:180,0
DA:181,0
DA:183,0
DA:184,0
DA:189,0
DA:191,0
DA:194,0
LF:38
LH:0
end_of_record
SF:/Users/mateusdaniel/.pub-cache/hosted/pub.dartlang.org/test_api-0.4.18/lib/src/expect/stream_matchers.dart
DA:14,0
DA:15,0
DA:26,0
DA:27,0
DA:28,0
DA:30,0
DA:32,0
DA:33,0
DA:35,0
DA:36,0
DA:37,0
DA:39,0
DA:40,0
DA:42,0
DA:43,0
DA:46,0
DA:51,0
DA:52,0
DA:53,0
DA:54,0
DA:56,0
DA:57,0
DA:59,0
DA:67,0
DA:68,0
DA:69,0
DA:70,0
DA:71,0
DA:73,0
DA:85,0
DA:86,0
DA:87,0
DA:88,0
DA:91,0
DA:92,0
DA:93,0
DA:95,0
DA:96,0
DA:101,0
DA:108,0
DA:110,0
DA:111,0
DA:112,0
DA:116,0
DA:126,0
DA:128,0
DA:131,0
DA:134,0
DA:137,0
DA:139,0
DA:142,0
DA:143,0
DA:144,0
DA:145,0
DA:146,0
DA:147,0
DA:150,0
DA:153,0
DA:155,0
DA:165,0
DA:166,0
DA:167,0
DA:169,0
DA:170,0
DA:172,0
DA:173,0
DA:174,0
DA:175,0
DA:178,0
DA:179,0
DA:180,0
DA:181,0
DA:195,0
DA:196,0
DA:197,0
DA:198,0
DA:200,0
DA:201,0
DA:203,0
DA:207,0
DA:208,0
DA:209,0
DA:214,0
DA:216,0
DA:219,0
DA:220,0
DA:221,0
DA:222,0
DA:226,0
DA:235,0
DA:236,0
DA:238,0
DA:239,0
DA:240,0
DA:242,0
DA:243,0
DA:255,0
DA:256,0
DA:257,0
DA:260,0
DA:261,0
DA:262,0
DA:265,0
DA:268,0
DA:274,0
DA:279,0
DA:280,0
DA:281,0
DA:287,0
DA:288,0
DA:290,0
DA:310,0
DA:311,0
DA:312,0
DA:313,0
DA:314,0
DA:316,0
DA:317,0
DA:322,0
DA:324,0
DA:325,0
DA:328,0
DA:336,0
DA:337,0
DA:339,0
DA:348,0
DA:349,0
DA:352,0
DA:362,0
DA:368,0
DA:369,0
DA:372,0
LF:132
LH:0
end_of_record
SF:/Users/mateusdaniel/.pub-cache/hosted/pub.dartlang.org/test_api-0.4.18/lib/src/expect/throws_matcher.dart
DA:59,0
DA:66,2
DA:70,0
DA:72,0
DA:76,0
DA:77,0
DA:81,0
DA:82,0
DA:83,0
DA:86,0
DA:88,0
DA:94,0
DA:98,0
DA:100,0
DA:104,0
DA:106,0
DA:107,0
DA:109,0
DA:115,0
DA:116,0
DA:118,0
DA:119,0
DA:121,0
DA:122,0
DA:123,0
DA:125,0
DA:126,0
DA:128,0
DA:129,0
DA:132,0
DA:133,0
LF:31
LH:1
end_of_record
SF:/Users/mateusdaniel/.pub-cache/hosted/pub.dartlang.org/test_api-0.4.18/lib/src/backend/closed_exception.dart
DA:8,0
DA:10,0
LF:2
LH:0
end_of_record
SF:/Users/mateusdaniel/.pub-cache/hosted/pub.dartlang.org/test_api-0.4.18/lib/src/backend/test_failure.dart
DA:9,0
DA:11,0
DA:12,0
LF:3
LH:0
end_of_record
SF:/Users/mateusdaniel/.pub-cache/hosted/pub.dartlang.org/test_api-0.4.18/lib/src/scaffolding/utils.dart
DA:16,0
DA:17,0
DA:19,0
DA:23,0
DA:27,0
DA:36,1
DA:37,2
DA:45,0
DA:47,1
DA:48,1
DA:49,0
LF:11
LH:4
end_of_record
SF:/Users/mateusdaniel/.pub-cache/hosted/pub.dartlang.org/test_api-0.4.18/lib/src/backend/configuration/on_platform.dart
DA:16,0
LF:1
LH:0
end_of_record
SF:/Users/mateusdaniel/.pub-cache/hosted/pub.dartlang.org/test_api-0.4.18/lib/src/backend/configuration/retry.dart
DA:17,0
LF:1
LH:0
end_of_record
SF:/Users/mateusdaniel/.pub-cache/hosted/pub.dartlang.org/test_api-0.4.18/lib/src/backend/configuration/skip.dart
DA:17,0
LF:1
LH:0
end_of_record
SF:/Users/mateusdaniel/.pub-cache/hosted/pub.dartlang.org/test_api-0.4.18/lib/src/backend/configuration/tags.dart
DA:15,0
DA:20,0
LF:2
LH:0
end_of_record
SF:/Users/mateusdaniel/.pub-cache/hosted/pub.dartlang.org/test_api-0.4.18/lib/src/backend/configuration/test_on.dart
DA:17,0
LF:1
LH:0
end_of_record
SF:/Users/mateusdaniel/.pub-cache/hosted/pub.dartlang.org/test_api-0.4.18/lib/src/backend/configuration/timeout.dart
DA:13,0
DA:16,0
DA:19,0
DA:48,1
DA:51,2
DA:53,1
DA:71,0
DA:72,0
DA:75,0
DA:76,0
DA:81,0
DA:82,0
DA:85,0
DA:86,0
DA:87,0
DA:94,0
DA:95,0
DA:97,0
DA:100,0
DA:101,0
DA:104,0
DA:105,0
DA:109,0
DA:111,0
DA:112,0
DA:113,0
DA:114,0
DA:115,0
DA:116,0
DA:117,0
DA:118,0
DA:119,0
DA:120,0
DA:121,0
DA:124,0
DA:134,1
DA:135,2
DA:136,1
DA:137,1
DA:138,4
DA:144,1
DA:145,1
DA:146,3
DA:149,0
DA:150,0
DA:152,1
DA:154,1
DA:155,3
DA:156,3
DA:158,0
DA:160,0
DA:161,0
LF:52
LH:15
end_of_record
SF:/Users/mateusdaniel/.pub-cache/hosted/pub.dartlang.org/test_api-0.4.18/lib/src/scaffolding/spawn_hybrid.dart
DA:23,0
DA:24,0
DA:25,0
DA:26,0
DA:27,0
DA:30,0
DA:31,0
DA:34,0
DA:35,0
DA:36,0
DA:39,0
DA:42,0
DA:43,0
DA:92,0
DA:93,0
DA:95,0
DA:96,0
DA:97,0
DA:99,0
DA:142,0
DA:144,0
DA:146,0
DA:150,0
DA:151,0
DA:153,0
DA:157,0
DA:159,0
DA:161,0
DA:165,0
DA:169,0
DA:170,0
DA:171,0
DA:174,0
LF:33
LH:0
end_of_record
SF:/Users/mateusdaniel/.pub-cache/hosted/pub.dartlang.org/test_api-0.4.18/lib/src/scaffolding/test_structure.dart
DA:15,0
DA:72,0
DA:81,0
DA:150,0
DA:159,0
DA:186,0
DA:201,0
DA:214,1
DA:215,1
DA:216,0
DA:219,2
DA:235,0
DA:248,0
DA:249,0
LF:14
LH:3
end_of_record
SF:/Users/mateusdaniel/.pub-cache/hosted/pub.dartlang.org/meta-1.9.0/lib/meta_meta.dart
DA:27,8
DA:91,0
DA:93,0
DA:95,0
DA:97,0
DA:99,0
DA:101,0
DA:103,0
DA:105,0
DA:107,0
DA:109,0
DA:111,0
DA:113,0
DA:115,0
DA:117,0
DA:119,0
LF:16
LH:1
end_of_record
SF:/Users/mateusdaniel/.pub-cache/hosted/pub.dartlang.org/test_api-0.4.18/lib/src/backend/util/pretty_print.dart
DA:9,0
DA:10,0
DA:12,0
DA:20,0
DA:21,0
DA:23,0
DA:24,0
DA:25,0
DA:29,0
DA:30,0
DA:31,0
DA:32,0
DA:34,0
DA:35,0
DA:37,0
DA:38,0
DA:39,0
DA:40,0
DA:41,0
DA:44,0
LF:20
LH:0
end_of_record
SF:/Users/mateusdaniel/.pub-cache/hosted/pub.dartlang.org/test_api-0.4.18/lib/src/backend/util/identifier_regex.dart
DA:9,0
LF:1
LH:0
end_of_record
SF:/Users/mateusdaniel/.pub-cache/hosted/pub.dartlang.org/term_glyph-1.2.1/lib/term_glyph.dart
DA:21,0
DA:22,0
DA:28,0
DA:30,0
DA:36,0
DA:37,0
LF:6
LH:0
end_of_record
SF:/Users/mateusdaniel/.pub-cache/hosted/pub.dartlang.org/test_api-0.4.18/lib/src/backend/suite_channel_manager.dart
DA:21,0
DA:22,0
DA:23,0
DA:24,0
DA:25,0
DA:27,0
DA:28,0
DA:29,0
DA:30,0
DA:35,0
DA:36,0
DA:37,0
DA:38,0
DA:39,0
DA:41,0
LF:15
LH:0
end_of_record
SF:/Users/mateusdaniel/.pub-cache/hosted/pub.dartlang.org/test_api-0.4.18/lib/src/expect/async_matcher.dart
DA:17,3
DA:30,0
DA:32,0
DA:33,0
DA:34,0
DA:37,0
DA:38,0
DA:39,0
DA:41,0
DA:43,0
DA:45,0
DA:46,0
DA:53,0
DA:56,0
LF:14
LH:1
end_of_record
SF:/Users/mateusdaniel/.pub-cache/hosted/pub.dartlang.org/matcher-0.12.14/lib/src/interfaces.dart
DA:35,7
DA:57,0
LF:2
LH:1
end_of_record
SF:/Users/mateusdaniel/.pub-cache/hosted/pub.dartlang.org/test_api-0.4.18/lib/src/expect/util/pretty_print.dart
DA:11,0
DA:12,0
DA:13,0
DA:14,0
DA:16,0
DA:19,0
DA:20,0
DA:22,0
DA:23,0
DA:30,0
DA:31,0
DA:34,0
DA:37,0
DA:43,0
DA:44,0
DA:46,0
LF:16
LH:0
end_of_record
SF:/Users/mateusdaniel/.pub-cache/hosted/pub.dartlang.org/test_api-0.4.18/lib/src/expect/util/placeholder.dart
DA:11,1
LF:1
LH:1
end_of_record
SF:/Users/mateusdaniel/.pub-cache/hosted/pub.dartlang.org/test_api-0.4.18/lib/src/utils.dart
DA:6,0
DA:8,0
DA:9,0
DA:10,0
DA:12,0
DA:13,0
DA:14,0
DA:16,0
DA:17,0
DA:18,0
DA:19,0
DA:22,0
DA:25,0
LF:13
LH:0
end_of_record
SF:/Users/mateusdaniel/.pub-cache/hosted/pub.dartlang.org/term_glyph-1.2.1/lib/src/generated/ascii_glyph_set.dart
DA:11,1
DA:15,0
DA:17,0
DA:19,0
DA:21,0
DA:23,0
DA:25,0
DA:27,0
DA:29,0
DA:31,0
DA:33,0
DA:35,0
DA:37,0
DA:39,0
DA:41,0
DA:43,0
DA:45,0
DA:47,0
DA:49,0
DA:51,0
DA:53,0
DA:55,0
DA:57,0
DA:59,0
DA:61,0
DA:63,0
DA:65,0
DA:67,0
DA:69,0
DA:71,0
DA:73,0
DA:75,0
DA:77,0
DA:79,0
DA:81,0
DA:83,0
DA:85,0
DA:87,0
DA:89,0
DA:91,0
DA:93,0
DA:95,0
DA:97,0
DA:99,0
DA:101,0
DA:103,0
DA:105,0
DA:107,0
DA:109,0
DA:111,0
DA:113,0
DA:115,0
DA:117,0
DA:119,0
DA:121,0
DA:123,0
DA:125,0
DA:127,0
DA:129,0
DA:131,0
DA:133,0
DA:135,0
LF:62
LH:1
end_of_record
SF:/Users/mateusdaniel/.pub-cache/hosted/pub.dartlang.org/term_glyph-1.2.1/lib/src/generated/top_level.dart
DA:13,0
DA:22,0
DA:31,0
DA:37,0
DA:43,0
DA:49,0
DA:55,0
DA:61,0
DA:67,0
DA:73,0
DA:79,0
DA:85,0
DA:91,0
DA:97,0
DA:103,0
DA:109,0
DA:115,0
DA:121,0
DA:127,0
DA:133,0
DA:139,0
DA:145,0
DA:151,0
DA:157,0
DA:163,0
DA:169,0
DA:175,0
DA:181,0
DA:187,0
DA:193,0
DA:199,0
DA:205,0
DA:211,0
DA:217,0
DA:223,0
DA:229,0
DA:235,0
DA:241,0
DA:247,0
DA:253,0
DA:259,0
DA:265,0
DA:271,0
DA:277,0
DA:283,0
DA:289,0
DA:295,0
DA:301,0
DA:307,0
DA:313,0
DA:314,0
DA:320,0
DA:326,0
DA:327,0
DA:333,0
DA:339,0
DA:340,0
DA:346,0
DA:352,0
DA:353,0
DA:359,0
DA:360,0
DA:366,0
DA:367,0
DA:373,0
DA:379,0
DA:380,0
LF:67
LH:0
end_of_record
SF:/Users/mateusdaniel/.pub-cache/hosted/pub.dartlang.org/term_glyph-1.2.1/lib/src/generated/unicode_glyph_set.dart
DA:11,1
DA:15,0
DA:17,0
DA:19,0
DA:21,0
DA:23,0
DA:25,0
DA:27,0
DA:29,0
DA:31,0
DA:33,0
DA:35,0
DA:37,0
DA:39,0
DA:41,0
DA:43,0
DA:45,0
DA:47,0
DA:49,0
DA:51,0
DA:53,0
DA:55,0
DA:57,0
DA:59,0
DA:61,0
DA:63,0
DA:65,0
DA:67,0
DA:69,0
DA:71,0
DA:73,0
DA:75,0
DA:77,0
DA:79,0
DA:81,0
DA:83,0
DA:85,0
DA:87,0
DA:89,0
DA:91,0
DA:93,0
DA:95,0
DA:97,0
DA:99,0
DA:101,0
DA:103,0
DA:105,0
DA:107,0
DA:109,0
DA:111,0
DA:113,0
DA:115,0
DA:117,0
DA:119,0
DA:121,0
DA:123,0
DA:125,0
DA:127,0
DA:129,0
DA:131,0
DA:133,0
DA:135,0
LF:62
LH:1
end_of_record
SF:/Users/mateusdaniel/.pub-cache/hosted/pub.dartlang.org/string_scanner-1.2.0/lib/src/eager_span_scanner.dart
DA:14,0
DA:18,0
DA:19,0
DA:22,0
DA:23,0
DA:26,0
DA:28,0
DA:30,0
DA:32,0
DA:34,0
DA:35,0
DA:39,0
DA:40,0
DA:41,0
DA:44,0
DA:46,0
DA:47,0
DA:49,0
DA:50,0
DA:51,0
DA:52,0
DA:53,0
DA:55,0
DA:58,0
DA:59,0
DA:61,0
DA:62,0
DA:63,0
DA:65,0
DA:66,0
DA:71,0
DA:73,0
DA:75,0
DA:76,0
DA:80,0
DA:82,0
DA:83,0
DA:88,0
DA:89,0
DA:90,0
DA:91,0
DA:93,0
DA:97,0
DA:99,0
DA:100,0
DA:102,0
DA:103,0
DA:104,0
DA:105,0
DA:107,0
DA:115,0
DA:116,0
DA:117,0
DA:132,0
LF:54
LH:0
end_of_record
SF:/Users/mateusdaniel/.pub-cache/hosted/pub.dartlang.org/string_scanner-1.2.0/lib/src/line_scanner.dart
DA:12,0
DA:17,0
DA:21,0
DA:31,0
DA:32,0
DA:36,0
DA:38,0
DA:39,0
DA:40,0
DA:44,0
DA:45,0
DA:46,0
DA:49,0
DA:51,0
DA:52,0
DA:54,0
DA:55,0
DA:56,0
DA:57,0
DA:58,0
DA:60,0
DA:63,0
DA:64,0
DA:66,0
DA:67,0
DA:68,0
DA:70,0
DA:71,0
DA:76,0
DA:78,0
DA:80,0
DA:81,0
DA:85,0
DA:87,0
DA:88,0
DA:93,0
DA:94,0
DA:95,0
DA:96,0
DA:98,0
DA:102,0
DA:104,0
DA:106,0
DA:107,0
DA:108,0
DA:109,0
DA:111,0
DA:119,0
DA:120,0
DA:121,0
DA:140,0
LF:51
LH:0
end_of_record
SF:/Users/mateusdaniel/.pub-cache/hosted/pub.dartlang.org/string_scanner-1.2.0/lib/src/span_scanner.dart
DA:22,0
DA:23,0
DA:24,0
DA:25,0
DA:27,0
DA:28,0
DA:30,0
DA:32,0
DA:33,0
DA:37,0
DA:44,0
DA:45,0
DA:46,0
DA:52,0
DA:55,0
DA:62,0
DA:63,0
DA:89,0
DA:90,0
DA:91,0
DA:94,0
DA:96,0
DA:97,0
DA:101,0
DA:105,0
DA:107,0
DA:109,0
DA:110,0
DA:111,0
DA:113,0
DA:114,0
DA:125,0
DA:126,0
DA:127,0
DA:128,0
DA:130,0
LF:36
LH:0
end_of_record
SF:/Users/mateusdaniel/.pub-cache/hosted/pub.dartlang.org/string_scanner-1.2.0/lib/src/utils.dart
DA:8,0
DA:11,0
DA:15,0
DA:16,0
DA:17,0
DA:18,0
DA:23,0
DA:24,0
DA:27,0
DA:28,0
DA:60,0
DA:61,0
DA:62,0
DA:65,0
DA:66,0
DA:69,0
DA:70,0
DA:74,0
DA:75,0
DA:76,0
DA:82,0
DA:83,0
DA:84,0
DA:89,0
DA:90,0
DA:91,0
DA:92,0
DA:93,0
DA:94,0
LF:29
LH:0
end_of_record
SF:/Users/mateusdaniel/.pub-cache/hosted/pub.dartlang.org/string_scanner-1.2.0/lib/src/exception.dart
DA:11,0
DA:12,0
DA:17,0
DA:19,0
LF:4
LH:0
end_of_record
SF:/Users/mateusdaniel/.pub-cache/hosted/pub.dartlang.org/string_scanner-1.2.0/lib/src/string_scanner.dart
DA:23,0
DA:24,0
DA:25,0
DA:26,0
DA:29,0
DA:30,0
DA:38,0
DA:41,0
DA:42,0
DA:49,0
DA:52,0
DA:59,0
DA:62,0
DA:63,0
DA:65,0
DA:72,0
DA:73,0
DA:74,0
DA:84,0
DA:86,0
DA:87,0
DA:88,0
DA:98,0
DA:99,0
DA:100,0
DA:101,0
DA:102,0
DA:105,0
DA:109,0
DA:110,0
DA:111,0
DA:126,0
DA:127,0
DA:130,0
DA:132,0
DA:135,0
DA:139,0
DA:150,0
DA:151,0
DA:152,0
DA:154,0
DA:155,0
DA:157,0
DA:158,0
DA:169,0
DA:170,0
DA:171,0
DA:173,0
DA:174,0
DA:176,0
DA:183,0
DA:184,0
DA:186,0
DA:187,0
DA:199,0
DA:200,0
DA:203,0
DA:204,0
DA:205,0
DA:208,0
DA:209,0
DA:212,0
DA:217,0
DA:218,0
DA:219,0
DA:226,0
DA:227,0
DA:228,0
DA:229,0
DA:236,0
DA:237,0
DA:238,0
DA:254,0
DA:255,0
DA:257,0
DA:258,0
DA:259,0
DA:261,0
DA:262,0
DA:263,0
DA:269,0
DA:270,0
LF:82
LH:0
end_of_record
SF:/Users/mateusdaniel/.pub-cache/hosted/pub.dartlang.org/source_span-1.9.1/lib/src/span_exception.dart
DA:11,0
DA:18,0
DA:21,0
DA:30,0
DA:32,0
DA:33,0
DA:43,0
DA:44,0
DA:46,0
DA:47,0
DA:67,0
DA:69,0
DA:70,0
DA:82,0
DA:84,0
DA:88,0
DA:91,0
DA:95,0
DA:96,0
DA:100,0
DA:110,0
DA:111,0
DA:113,0
DA:116,0
LF:24
LH:0
end_of_record
SF:/Users/mateusdaniel/.pub-cache/hosted/pub.dartlang.org/string_scanner-1.2.0/lib/src/relative_span_scanner.dart
DA:30,0
DA:32,0
DA:33,0
DA:35,0
DA:37,0
DA:39,0
DA:40,0
DA:41,0
DA:45,0
DA:46,0
DA:48,0
DA:50,0
DA:51,0
DA:55,0
DA:58,0
DA:59,0
DA:62,0
DA:64,0
DA:66,0
DA:67,0
DA:69,0
DA:70,0
DA:71,0
DA:72,0
DA:74,0
DA:76,0
DA:77,0
DA:78,0
DA:81,0
DA:83,0
DA:84,0
DA:88,0
DA:89,0
DA:93,0
DA:95,0
DA:97,0
DA:98,0
DA:99,0
DA:101,0
DA:102,0
DA:103,0
DA:114,0
DA:115,0
DA:116,0
DA:117,0
DA:119,0
LF:46
LH:0
end_of_record
SF:/Users/mateusdaniel/.pub-cache/hosted/pub.dartlang.org/stream_channel-2.1.1/lib/src/isolate_channel.dart
DA:43,0
DA:46,0
DA:47,0
DA:49,0
DA:55,0
DA:56,0
DA:58,0
DA:59,0
DA:60,0
DA:61,0
DA:63,0
DA:64,0
DA:68,0
DA:69,0
DA:70,0
DA:71,0
DA:72,0
DA:87,1
DA:88,1
DA:89,2
DA:90,1
DA:95,1
DA:97,1
DA:98,4
DA:99,2
DA:100,4
DA:101,5
DA:104,1
LF:28
LH:11
end_of_record
SF:/Users/mateusdaniel/.pub-cache/hosted/pub.dartlang.org/stream_channel-2.1.1/lib/src/close_guarantee_channel.dart
DA:17,0
DA:18,0
DA:21,0
DA:22,0
DA:31,0
DA:32,0
DA:33,0
DA:48,0
DA:50,0
DA:55,0
DA:60,0
DA:62,0
DA:63,0
DA:77,0
DA:79,0
DA:81,0
DA:82,0
DA:83,0
DA:86,0
DA:87,0
LF:20
LH:0
end_of_record
SF:/Users/mateusdaniel/.pub-cache/hosted/pub.dartlang.org/async-2.10.0/lib/src/delegate/stream_sink.dart
DA:14,0
DA:15,0
DA:18,0
DA:20,0
DA:28,0
DA:31,0
DA:33,0
DA:35,0
DA:38,0
DA:40,0
DA:43,0
DA:44,0
DA:46,0
DA:47,0
LF:14
LH:0
end_of_record
SF:/Users/mateusdaniel/.pub-cache/hosted/pub.dartlang.org/stream_channel-2.1.1/lib/src/delegating_stream_channel.dart
DA:17,0
DA:18,0
DA:19,0
DA:20,0
DA:22,0
LF:5
LH:0
end_of_record
SF:/Users/mateusdaniel/.pub-cache/hosted/pub.dartlang.org/stream_channel-2.1.1/lib/src/disconnector.dart
DA:22,0
DA:36,0
DA:37,0
DA:38,0
DA:39,0
DA:43,0
DA:45,0
DA:46,0
DA:48,0
DA:51,0
DA:53,0
DA:66,0
DA:67,0
DA:84,0
DA:86,0
DA:88,0
DA:90,0
DA:91,0
DA:92,0
DA:94,0
DA:96,0
DA:99,0
DA:101,0
DA:102,0
DA:103,0
DA:105,0
DA:107,0
DA:110,0
DA:112,0
DA:113,0
DA:114,0
DA:116,0
DA:118,0
DA:119,0
DA:120,0
DA:121,0
DA:122,0
DA:123,0
DA:127,0
DA:129,0
DA:130,0
DA:133,0
DA:134,0
DA:141,0
DA:142,0
DA:143,0
DA:145,0
DA:146,0
DA:147,0
DA:148,0
LF:50
LH:0
end_of_record
SF:/Users/mateusdaniel/.pub-cache/hosted/pub.dartlang.org/stream_channel-2.1.1/lib/src/stream_channel_transformer.dart
DA:36,0
DA:43,0
DA:44,0
DA:45,0
DA:54,0
DA:55,0
DA:56,0
DA:57,0
LF:8
LH:0
end_of_record
SF:/Users/mateusdaniel/.pub-cache/hosted/pub.dartlang.org/stream_channel-2.1.1/lib/src/guarantee_channel.dart
DA:15,1
DA:16,2
DA:18,1
DA:19,1
DA:35,1
DA:37,2
DA:41,1
DA:43,0
DA:46,2
DA:47,1
DA:50,1
DA:52,4
DA:53,2
DA:54,0
DA:55,0
DA:65,0
DA:66,0
DA:67,0
DA:68,0
DA:69,0
DA:84,0
DA:85,0
DA:106,2
DA:114,1
DA:117,1
DA:119,1
DA:120,1
DA:121,0
DA:123,1
DA:125,2
DA:128,0
DA:130,0
DA:131,0
DA:132,0
DA:134,0
DA:136,0
DA:143,0
DA:144,0
DA:145,0
DA:149,0
DA:152,0
DA:153,0
DA:157,0
DA:160,1
DA:162,1
DA:163,1
DA:164,0
DA:166,1
DA:168,2
DA:169,4
DA:170,3
DA:171,3
DA:172,0
DA:173,0
DA:177,0
DA:179,0
DA:180,0
DA:183,0
DA:184,0
DA:186,0
DA:187,0
DA:188,0
DA:191,0
DA:198,0
DA:199,0
DA:200,0
DA:202,0
DA:203,0
DA:204,0
DA:205,0
LF:70
LH:27
end_of_record
SF:/Users/mateusdaniel/.pub-cache/hosted/pub.dartlang.org/stream_channel-2.1.1/lib/src/json_document_transformer.dart
DA:20,0
DA:24,1
DA:26,0
DA:28,0
DA:29,0
DA:30,0
DA:31,0
DA:32,0
DA:33,0
LF:9
LH:1
end_of_record
SF:/Users/mateusdaniel/.pub-cache/hosted/pub.dartlang.org/stream_channel-2.1.1/lib/src/multi_channel.dart
DA:63,2
DA:93,1
DA:94,3
DA:95,1
DA:96,3
DA:135,1
DA:138,3
DA:139,4
DA:140,5
DA:141,0
DA:143,6
DA:144,2
DA:148,2
DA:150,2
DA:154,0
DA:155,0
DA:158,2
DA:159,4
DA:165,0
DA:168,1
DA:169,4
DA:172,1
DA:181,1
DA:186,2
DA:187,1
DA:188,2
DA:193,1
DA:194,0
DA:198,2
DA:201,0
DA:202,2
DA:203,2
DA:204,0
DA:206,1
DA:207,2
DA:210,3
DA:211,5
DA:212,0
DA:213,1
DA:214,4
DA:219,0
DA:220,0
DA:221,0
DA:222,0
DA:224,0
DA:228,0
DA:229,0
DA:233,0
DA:234,0
DA:235,0
DA:236,0
DA:240,0
DA:241,0
DA:243,0
DA:269,1
DA:271,0
DA:272,0
LF:57
LH:33
end_of_record
SF:/Users/mateusdaniel/.pub-cache/hosted/pub.dartlang.org/stream_channel-2.1.1/lib/src/stream_channel_completer.dart
DA:22,0
DA:36,0
DA:37,0
DA:38,0
DA:39,0
DA:42,0
DA:43,0
DA:52,0
DA:53,0
DA:54,0
DA:56,0
DA:57,0
DA:67,0
DA:68,0
DA:69,0
DA:71,0
DA:72,0
LF:17
LH:0
end_of_record
SF:/Users/mateusdaniel/.pub-cache/hosted/pub.dartlang.org/stream_channel-2.1.1/lib/src/stream_channel_controller.dart
DA:35,2
DA:42,2
DA:55,1
DA:56,1
DA:57,1
DA:58,2
DA:59,2
DA:60,2
DA:61,2
LF:9
LH:9
end_of_record
SF:/Users/mateusdaniel/.pub-cache/hosted/pub.dartlang.org/stack_trace-1.11.0/lib/src/chain.dart
DA:19,0
DA:50,0
DA:51,0
DA:77,1
DA:83,0
DA:88,1
DA:89,0
DA:90,0
DA:94,0
DA:95,0
DA:97,0
DA:101,0
DA:109,0
DA:110,0
DA:111,0
DA:112,0
DA:120,0
DA:122,0
DA:124,0
DA:132,0
DA:143,0
DA:144,0
DA:146,0
DA:147,0
DA:150,0
DA:151,0
DA:152,0
DA:164,0
DA:165,0
DA:166,0
DA:167,0
DA:168,0
DA:176,0
DA:177,0
DA:178,0
DA:179,0
DA:180,0
DA:181,0
DA:182,0
DA:184,0
DA:186,0
DA:190,0
DA:201,0
DA:216,0
DA:218,0
DA:219,0
DA:221,0
DA:222,0
DA:228,0
DA:233,0
DA:234,0
DA:237,0
DA:244,0
DA:246,0
DA:249,0
DA:250,0
DA:251,0
DA:252,0
DA:253,0
DA:257,0
DA:258,0
DA:259,0
DA:260,0
DA:261,0
DA:262,0
LF:65
LH:2
end_of_record
SF:/Users/mateusdaniel/.pub-cache/hosted/pub.dartlang.org/stack_trace-1.11.0/lib/src/frame.dart
DA:13,0
DA:20,0
DA:21,0
DA:25,0
DA:31,0
DA:32,0
DA:36,0
DA:37,0
DA:44,0
DA:63,0
DA:67,0
DA:69,0
DA:96,0
DA:103,0
DA:104,0
DA:105,0
DA:110,0
DA:111,0
DA:112,0
DA:116,0
DA:117,0
DA:118,0
DA:119,0
DA:127,0
DA:128,0
DA:129,0
DA:133,0
DA:137,0
DA:140,0
DA:141,0
DA:144,0
DA:145,0
DA:149,0
DA:150,0
DA:151,0
DA:152,0
DA:153,0
DA:154,0
DA:156,0
DA:158,0
DA:160,0
DA:161,0
DA:165,0
DA:166,0
DA:167,0
DA:171,0
DA:172,0
DA:174,0
DA:175,0
DA:178,0
DA:179,0
DA:182,0
DA:183,0
DA:185,0
DA:186,0
DA:187,0
DA:188,0
DA:189,0
DA:193,0
DA:197,0
DA:198,0
DA:199,0
DA:200,0
DA:201,0
DA:202,0
DA:206,0
DA:211,0
DA:217,0
DA:224,0
DA:225,0
DA:226,0
DA:227,0
DA:228,0
DA:229,0
DA:230,0
DA:231,0
DA:234,0
DA:238,0
DA:239,0
DA:240,0
DA:242,0
DA:243,0
DA:247,0
DA:249,0
DA:251,0
DA:252,0
DA:253,0
DA:257,0
DA:262,0
DA:264,0
DA:265,0
DA:270,0
DA:274,0
DA:277,0
DA:280,0
DA:281,0
DA:283,0
DA:284,0
DA:289,0
DA:290,0
DA:291,0
DA:294,0
DA:295,0
DA:298,0
DA:299,0
DA:300,0
DA:304,0
DA:307,0
DA:311,0
DA:312,0
DA:313,0
DA:314,0
DA:315,0
DA:316,0
DA:317,0
DA:323,0
DA:324,0
DA:331,0
DA:333,0
DA:334,0
DA:335,0
DA:339,0
DA:341,0
DA:342,0
LF:124
LH:0
end_of_record
SF:/Users/mateusdaniel/.pub-cache/hosted/pub.dartlang.org/stack_trace-1.11.0/lib/src/lazy_chain.dart
DA:20,0
DA:22,0
DA:23,0
DA:24,0
DA:25,0
DA:26,0
DA:28,0
DA:29,0
DA:30,0
DA:31,0
DA:32,0
LF:11
LH:0
end_of_record
SF:/Users/mateusdaniel/.pub-cache/hosted/pub.dartlang.org/stack_trace-1.11.0/lib/src/stack_zone_specification.dart
DA:37,0
DA:40,0
DA:64,0
DA:68,0
DA:69,0
DA:70,0
DA:71,0
DA:72,0
DA:73,0
DA:80,0
DA:87,0
DA:88,0
DA:89,0
DA:91,0
DA:96,0
DA:97,0
DA:99,0
DA:101,0
DA:104,0
DA:110,0
DA:112,0
DA:113,0
DA:114,0
DA:119,0
DA:121,0
DA:122,0
DA:123,0
DA:124,0
DA:129,0
DA:131,0
DA:133,0
DA:134,0
DA:135,0
DA:140,0
DA:142,0
DA:143,0
DA:147,0
DA:148,0
DA:149,0
DA:158,0
DA:161,0
DA:163,0
DA:170,0
DA:172,0
DA:176,0
DA:178,0
DA:181,0
DA:182,0
DA:191,0
DA:192,0
DA:200,0
DA:201,0
DA:202,0
DA:204,0
DA:209,0
DA:212,0
DA:218,0
DA:219,0
DA:220,0
DA:221,0
DA:222,0
DA:225,0
DA:232,0
DA:233,0
DA:234,0
DA:235,0
DA:247,0
DA:250,0
DA:251,0
DA:254,0
DA:255,0
DA:257,0
LF:72
LH:0
end_of_record
SF:/Users/mateusdaniel/.pub-cache/hosted/pub.dartlang.org/stack_trace-1.11.0/lib/src/trace.dart
DA:14,0
DA:22,0
DA:28,0
DA:37,0
DA:52,0
DA:64,0
DA:65,0
DA:79,0
DA:80,0
DA:81,0
DA:82,0
DA:90,0
DA:91,0
DA:92,0
DA:96,0
DA:97,0
DA:98,0
DA:101,0
DA:102,0
DA:110,0
DA:111,0
DA:112,0
DA:113,0
DA:121,0
DA:123,0
DA:124,0
DA:125,0
DA:126,0
DA:127,0
DA:128,0
DA:130,0
DA:131,0
DA:132,0
DA:138,0
DA:139,0
DA:140,0
DA:145,0
DA:147,0
DA:151,0
DA:152,0
DA:153,0
DA:154,0
DA:156,0
DA:157,0
DA:160,0
DA:163,0
DA:164,0
DA:171,0
DA:172,0
DA:174,0
DA:175,0
DA:179,0
DA:180,0
DA:184,0
DA:185,0
DA:187,0
DA:188,0
DA:189,0
DA:196,0
DA:199,0
DA:200,0
DA:202,0
DA:203,0
DA:204,0
DA:205,0
DA:209,0
DA:212,0
DA:213,0
DA:216,0
DA:218,0
DA:220,0
DA:221,0
DA:222,0
DA:223,0
DA:230,0
DA:231,0
DA:232,0
DA:233,0
DA:235,0
DA:236,0
DA:238,0
DA:239,0
DA:243,0
DA:244,0
DA:245,0
DA:252,0
DA:268,0
DA:281,0
DA:284,0
DA:285,0
DA:287,0
DA:288,0
DA:297,0
DA:298,0
DA:302,0
DA:303,0
DA:304,0
DA:305,0
DA:306,0
DA:307,0
DA:312,0
DA:313,0
DA:314,0
DA:315,0
DA:316,0
DA:318,0
DA:319,0
DA:323,0
DA:326,0
DA:330,0
DA:333,0
DA:334,0
DA:335,0
DA:336,0
LF:114
LH:0
end_of_record
SF:/Users/mateusdaniel/.pub-cache/hosted/pub.dartlang.org/stack_trace-1.11.0/lib/src/utils.dart
DA:11,0
LF:1
LH:0
end_of_record
SF:/Users/mateusdaniel/.pub-cache/hosted/pub.dartlang.org/stack_trace-1.11.0/lib/src/unparsed_frame.dart
DA:29,0
DA:31,0
DA:32,0
LF:3
LH:0
end_of_record
SF:/Users/mateusdaniel/.pub-cache/hosted/pub.dartlang.org/stack_trace-1.11.0/lib/src/lazy_trace.dart
DA:18,0
DA:20,0
DA:21,0
DA:22,0
DA:23,0
DA:24,0
DA:25,0
DA:26,0
DA:27,0
DA:28,0
DA:30,0
DA:31,0
DA:32,0
LF:13
LH:0
end_of_record
SF:/Users/mateusdaniel/.pub-cache/hosted/pub.dartlang.org/stack_trace-1.11.0/lib/src/vm_trace.dart
DA:16,0
DA:18,0
DA:21,0
DA:22,0
DA:23,0
DA:24,0
DA:25,0
DA:26,0
DA:27,0
DA:28,0
DA:29,0
DA:30,0
LF:12
LH:0
end_of_record
SF:/Users/mateusdaniel/.pub-cache/hosted/pub.dartlang.org/source_span-1.9.1/lib/src/file.dart
DA:39,0
DA:42,0
DA:55,0
DA:56,0
DA:61,0
DA:62,0
DA:73,0
DA:74,0
DA:75,0
DA:76,0
DA:77,0
DA:78,0
DA:80,0
DA:81,0
DA:83,0
DA:90,0
DA:91,0
DA:92,0
DA:96,0
DA:99,0
DA:100,0
DA:101,0
DA:102,0
DA:103,0
DA:104,0
DA:107,0
DA:108,0
DA:110,0
DA:112,0
DA:113,0
DA:120,0
DA:121,0
DA:122,0
DA:125,0
DA:128,0
DA:129,0
DA:134,0
DA:135,0
DA:136,0
DA:146,0
DA:148,0
DA:149,0
DA:150,0
DA:151,0
DA:154,0
DA:165,0
DA:166,0
DA:167,0
DA:168,0
DA:169,0
DA:170,0
DA:174,0
DA:175,0
DA:176,0
DA:177,0
DA:178,0
DA:179,0
DA:182,0
DA:183,0
DA:184,0
DA:187,0
DA:193,0
DA:196,0
DA:197,0
DA:198,0
DA:199,0
DA:200,0
DA:201,0
DA:202,0
DA:205,0
DA:206,0
DA:207,0
DA:208,0
DA:217,0
DA:218,0
DA:234,0
DA:235,0
DA:237,0
DA:238,0
DA:240,0
DA:241,0
DA:243,0
DA:244,0
DA:245,0
DA:246,0
DA:247,0
DA:248,0
DA:252,0
DA:253,0
DA:302,0
DA:303,0
DA:305,0
DA:306,0
DA:308,0
DA:309,0
DA:311,0
DA:312,0
DA:314,0
DA:315,0
DA:317,0
DA:319,0
DA:320,0
DA:323,0
DA:328,0
DA:331,0
DA:333,0
DA:334,0
DA:337,0
DA:338,0
DA:341,0
DA:345,0
DA:348,0
DA:351,0
DA:352,0
DA:353,0
DA:354,0
DA:355,0
DA:356,0
DA:357,0
DA:358,0
DA:362,0
DA:364,0
DA:366,0
DA:367,0
DA:370,0
DA:372,0
DA:374,0
DA:376,0
DA:377,0
DA:378,0
DA:381,0
DA:382,0
DA:389,0
DA:391,0
DA:392,0
DA:393,0
DA:396,0
DA:397,0
DA:398,0
DA:401,0
DA:402,0
DA:408,0
DA:410,0
DA:411,0
DA:412,0
DA:415,0
DA:416,0
DA:417,0
DA:418,0
DA:420,0
DA:421,0
DA:422,0
DA:427,0
DA:428,0
DA:429,0
DA:430,0
DA:438,0
DA:439,0
DA:440,0
DA:442,0
DA:443,0
DA:444,0
LF:162
LH:0
end_of_record
SF:/Users/mateusdaniel/.pub-cache/hosted/pub.dartlang.org/source_span-1.9.1/lib/src/location.dart
DA:34,0
DA:35,0
DA:36,0
DA:45,0
DA:47,0
DA:50,0
DA:51,0
DA:52,0
DA:53,0
DA:54,0
DA:55,0
DA:62,0
DA:63,0
DA:64,0
DA:65,0
DA:67,0
DA:71,0
DA:76,0
DA:78,0
DA:79,0
DA:80,0
DA:82,0
DA:85,0
DA:87,0
DA:88,0
DA:89,0
DA:91,0
DA:92,0
DA:94,0
DA:95,0
DA:101,0
DA:102,0
LF:32
LH:0
end_of_record
SF:/Users/mateusdaniel/.pub-cache/hosted/pub.dartlang.org/source_span-1.9.1/lib/src/location_mixin.dart
DA:17,0
DA:19,0
DA:20,0
DA:23,0
DA:25,0
DA:26,0
DA:27,0
DA:29,0
DA:32,0
DA:33,0
DA:35,0
DA:37,0
DA:38,0
DA:39,0
DA:41,0
DA:44,0
DA:46,0
DA:47,0
DA:48,0
DA:50,0
DA:51,0
DA:53,0
DA:54,0
LF:23
LH:0
end_of_record
SF:/Users/mateusdaniel/.pub-cache/hosted/pub.dartlang.org/source_span-1.9.1/lib/src/span.dart
DA:40,0
DA:41,0
DA:103,0
DA:104,0
DA:105,0
DA:106,0
DA:107,0
DA:108,0
DA:109,0
DA:110,0
DA:140,0
DA:143,0
DA:144,0
DA:145,0
DA:147,0
DA:148,0
DA:152,0
DA:176,0
DA:178,0
DA:182,0
DA:186,0
DA:187,0
DA:188,0
DA:190,0
DA:191,0
LF:25
LH:0
end_of_record
SF:/Users/mateusdaniel/.pub-cache/hosted/pub.dartlang.org/source_span-1.9.1/lib/src/span_mixin.dart
DA:19,0
DA:20,0
DA:22,0
DA:23,0
DA:25,0
DA:27,0
DA:28,0
DA:31,0
DA:33,0
DA:34,0
DA:35,0
DA:38,0
DA:39,0
DA:40,0
DA:41,0
DA:43,0
DA:44,0
DA:47,0
DA:48,0
DA:49,0
DA:52,0
DA:54,0
DA:55,0
DA:56,0
DA:57,0
DA:59,0
DA:60,0
DA:62,0
DA:63,0
DA:66,0
DA:69,0
DA:71,0
DA:72,0
DA:75,0
DA:77,0
DA:79,0
DA:80,0
DA:82,0
DA:83,0
LF:39
LH:0
end_of_record
SF:/Users/mateusdaniel/.pub-cache/hosted/pub.dartlang.org/source_span-1.9.1/lib/src/span_with_context.dart
DA:13,0
DA:24,0
DA:26,0
DA:27,0
DA:28,0
DA:31,0
DA:32,0
DA:33,0
DA:43,0
DA:44,0
DA:45,0
DA:47,0
DA:48,0
DA:49,0
LF:14
LH:0
end_of_record
SF:/Users/mateusdaniel/.pub-cache/hosted/pub.dartlang.org/source_span-1.9.1/lib/src/highlighter.dart
DA:61,0
DA:62,0
DA:63,0
DA:64,0
DA:66,0
DA:83,0
DA:86,0
DA:87,0
DA:88,0
DA:89,0
DA:90,0
DA:95,0
DA:96,0
DA:97,0
DA:101,0
DA:104,0
DA:106,0
DA:107,0
DA:108,0
DA:109,0
DA:110,0
DA:114,0
DA:115,0
DA:116,0
DA:117,0
DA:118,0
DA:119,0
DA:128,0
DA:132,0
DA:133,0
DA:134,0
DA:135,0
DA:136,0
DA:139,0
DA:140,0
DA:141,0
DA:145,0
DA:146,0
DA:147,0
DA:150,0
DA:151,0
DA:154,0
DA:156,0
DA:157,0
DA:159,0
DA:160,0
DA:162,0
DA:167,0
DA:169,0
DA:171,0
DA:173,0
DA:174,0
DA:175,0
DA:176,0
DA:178,0
DA:180,0
DA:184,0
DA:190,0
DA:191,0
DA:197,0
DA:199,0
DA:200,0
DA:201,0
DA:202,0
DA:203,0
DA:204,0
DA:205,0
DA:206,0
DA:207,0
DA:208,0
DA:209,0
DA:217,0
DA:218,0
DA:219,0
DA:220,0
DA:221,0
DA:222,0
DA:226,0
DA:227,0
DA:228,0
DA:229,0
DA:232,0
DA:233,0
DA:236,0
DA:237,0
DA:238,0
DA:239,0
DA:241,0
DA:242,0
DA:243,0
DA:244,0
DA:246,0
DA:248,0
DA:252,0
DA:253,0
DA:254,0
DA:255,0
DA:259,0
DA:260,0
DA:265,0
DA:266,0
DA:267,0
DA:269,0
DA:270,0
DA:272,0
DA:274,0
DA:283,0
DA:293,0
DA:294,0
DA:295,0
DA:297,0
DA:298,0
DA:299,0
DA:300,0
DA:302,0
DA:303,0
DA:304,0
DA:305,0
DA:306,0
DA:309,0
DA:310,0
DA:314,0
DA:317,0
DA:320,0
DA:321,0
DA:323,0
DA:324,0
DA:325,0
DA:326,0
DA:327,0
DA:331,0
DA:332,0
DA:333,0
DA:334,0
DA:335,0
DA:338,0
DA:339,0
DA:342,0
DA:349,0
DA:351,0
DA:352,0
DA:354,0
DA:361,0
DA:363,0
DA:364,0
DA:365,0
DA:366,0
DA:367,0
DA:368,0
DA:370,0
DA:371,0
DA:372,0
DA:373,0
DA:374,0
DA:376,0
DA:377,0
DA:378,0
DA:379,0
DA:381,0
DA:382,0
DA:383,0
DA:384,0
DA:386,0
DA:387,0
DA:388,0
DA:389,0
DA:390,0
DA:394,0
DA:395,0
DA:396,0
DA:398,0
DA:399,0
DA:401,0
DA:403,0
DA:406,0
DA:408,0
DA:409,0
DA:415,0
DA:416,0
DA:417,0
DA:418,0
DA:420,0
DA:421,0
DA:425,0
DA:426,0
DA:427,0
DA:428,0
DA:430,0
DA:431,0
DA:432,0
DA:439,0
DA:441,0
DA:442,0
DA:443,0
DA:444,0
DA:458,0
DA:460,0
DA:462,0
DA:466,0
DA:467,0
DA:468,0
DA:469,0
DA:471,0
DA:472,0
DA:473,0
DA:474,0
DA:475,0
DA:476,0
DA:478,0
DA:482,0
DA:483,0
DA:484,0
DA:490,0
DA:491,0
DA:492,0
DA:493,0
DA:495,0
DA:505,0
DA:506,0
DA:510,0
DA:511,0
DA:512,0
DA:513,0
DA:514,0
DA:519,0
DA:521,0
DA:522,0
DA:528,0
DA:529,0
DA:530,0
DA:537,0
DA:538,0
DA:539,0
DA:540,0
DA:564,0
DA:565,0
DA:566,0
DA:567,0
DA:568,0
DA:569,0
DA:570,0
DA:572,0
DA:580,0
DA:581,0
DA:582,0
DA:584,0
DA:585,0
DA:586,0
DA:587,0
DA:588,0
DA:589,0
DA:590,0
DA:591,0
DA:592,0
DA:596,0
DA:597,0
DA:598,0
DA:600,0
DA:601,0
DA:602,0
DA:603,0
DA:607,0
DA:608,0
DA:609,0
DA:610,0
DA:611,0
DA:612,0
DA:613,0
DA:614,0
DA:621,0
DA:623,0
DA:627,0
DA:629,0
DA:630,0
DA:631,0
DA:632,0
DA:633,0
DA:634,0
DA:635,0
DA:638,0
DA:639,0
DA:640,0
DA:641,0
DA:642,0
DA:645,0
DA:650,0
DA:651,0
DA:652,0
DA:654,0
DA:656,0
DA:657,0
DA:658,0
DA:659,0
DA:660,0
DA:661,0
DA:665,0
DA:666,0
DA:667,0
DA:672,0
DA:673,0
DA:675,0
DA:676,0
DA:678,0
DA:680,0
DA:685,0
DA:686,0
DA:687,0
DA:688,0
DA:689,0
DA:691,0
DA:693,0
DA:694,0
DA:695,0
DA:696,0
DA:697,0
DA:698,0
DA:721,0
DA:723,0
DA:724,0
LF:319
LH:0
end_of_record
SF:/Users/mateusdaniel/.pub-cache/hosted/pub.dartlang.org/source_span-1.9.1/lib/src/utils.dart
DA:12,0
DA:13,0
DA:17,0
DA:18,0
DA:22,0
DA:23,0
DA:24,0
DA:25,0
DA:26,0
DA:34,0
DA:37,0
DA:38,0
DA:39,0
DA:40,0
DA:44,0
DA:45,0
DA:46,0
DA:47,0
DA:50,0
DA:54,0
DA:56,0
DA:57,0
DA:66,0
DA:69,0
DA:72,0
DA:73,0
DA:74,0
DA:79,0
DA:80,0
DA:84,0
DA:85,0
DA:87,0
DA:88,0
DA:89,0
DA:90,0
DA:102,0
DA:103,0
DA:104,0
DA:105,0
DA:106,0
DA:110,0
DA:111,0
DA:112,0
DA:115,0
DA:116,0
DA:117,0
DA:120,0
DA:124,0
DA:125,0
DA:128,0
DA:129,0
DA:132,0
DA:133,0
DA:134,0
DA:137,0
DA:138,0
DA:140,0
DA:141,0
DA:144,0
LF:59
LH:0
end_of_record
SF:/Users/mateusdaniel/.pub-cache/hosted/pub.dartlang.org/path-1.8.3/lib/src/context.dart
DA:14,2
DA:28,0
DA:31,0
DA:38,0
DA:39,0
DA:40,0
DA:44,0
DA:48,1
DA:49,1
DA:52,0
DA:62,0
DA:66,3
DA:77,0
DA:92,0
DA:112,0
DA:116,0
DA:129,0
DA:139,0
DA:140,0
DA:150,1
DA:151,1
DA:152,1
DA:153,2
DA:154,3
DA:155,2
DA:156,2
DA:157,1
DA:158,1
DA:184,0
DA:185,0
DA:203,0
DA:217,4
DA:223,0
DA:233,3
DA:248,1
DA:264,1
DA:282,1
DA:283,2
DA:300,1
DA:301,1
DA:305,4
DA:306,1
DA:309,0
DA:310,0
DA:311,0
DA:312,0
DA:313,0
DA:314,0
DA:316,0
DA:317,0
DA:318,1
DA:319,1
DA:321,1
DA:322,1
DA:324,4
DA:327,2
DA:330,1
DA:335,2
DA:338,1
DA:364,0
DA:365,0
DA:367,0
DA:368,0
DA:369,0
DA:384,0
DA:385,0
DA:386,0
DA:388,0
DA:389,0
DA:390,0
DA:401,0
DA:402,0
DA:404,0
DA:405,0
DA:406,0
DA:410,0
DA:412,0
DA:419,0
DA:420,0
DA:426,0
DA:427,0
DA:428,0
DA:433,0
DA:434,0
DA:435,0
DA:437,0
DA:440,0
DA:446,0
DA:448,0
DA:449,0
DA:462,0
DA:465,0
DA:467,0
DA:468,0
DA:507,0
DA:509,0
DA:511,0
DA:514,0
DA:515,0
DA:520,0
DA:521,0
DA:526,0
DA:527,0
DA:530,0
DA:531,0
DA:533,0
DA:534,0
DA:541,0
DA:542,0
DA:543,0
DA:544,0
DA:548,0
DA:549,0
DA:550,0
DA:551,0
DA:552,0
DA:553,0
DA:554,0
DA:560,0
DA:561,0
DA:563,0
DA:564,0
DA:565,0
DA:566,0
DA:569,0
DA:573,0
DA:574,0
DA:575,0
DA:576,0
DA:577,0
DA:578,0
DA:582,0
DA:583,0
DA:585,0
DA:594,1
DA:595,2
DA:602,0
DA:603,0
DA:609,1
DA:613,1
DA:614,1
DA:616,0
DA:617,0
DA:619,0
DA:620,0
DA:622,2
DA:623,2
DA:626,0
DA:628,0
DA:632,1
DA:633,1
DA:637,0
DA:638,0
DA:644,0
DA:645,0
DA:646,0
DA:647,0
DA:648,0
DA:649,0
DA:656,1
DA:659,1
DA:661,2
DA:662,2
DA:670,1
DA:676,2
DA:677,1
DA:678,1
DA:679,2
DA:695,4
DA:696,1
DA:697,1
DA:698,2
DA:699,0
DA:704,0
DA:705,0
DA:710,2
DA:711,0
DA:713,0
DA:715,2
DA:716,0
DA:717,0
DA:727,1
DA:728,0
DA:732,0
DA:733,0
DA:736,0
DA:738,0
DA:744,0
DA:745,0
DA:746,0
DA:747,0
DA:758,1
DA:759,0
DA:760,0
DA:761,0
DA:763,0
DA:764,0
DA:768,0
DA:769,0
DA:770,0
DA:771,0
DA:781,1
DA:782,1
DA:786,1
DA:787,1
DA:800,0
DA:801,0
DA:802,0
DA:805,0
DA:808,0
DA:809,0
DA:810,0
DA:818,0
DA:827,0
DA:835,0
DA:845,0
DA:846,0
DA:864,1
DA:868,2
DA:870,5
DA:871,0
DA:875,2
DA:879,5
DA:880,1
DA:884,2
DA:886,2
DA:887,0
DA:888,0
DA:890,0
DA:893,0
DA:897,0
DA:900,1
DA:904,2
DA:907,1
DA:910,1
DA:911,1
DA:920,0
DA:923,0
DA:925,0
DA:928,0
DA:929,0
DA:930,0
DA:937,0
DA:941,0
DA:942,0
DA:947,0
DA:952,0
DA:960,0
DA:962,0
DA:966,0
DA:973,0
DA:974,0
DA:975,0
DA:981,0
DA:982,0
DA:983,0
DA:993,0
DA:994,0
DA:996,0
DA:997,0
DA:998,0
DA:1003,0
DA:1017,0
DA:1018,0
DA:1040,0
DA:1058,0
DA:1059,0
DA:1060,0
DA:1062,0
DA:1091,0
DA:1092,0
DA:1093,0
DA:1094,0
DA:1095,0
DA:1096,0
DA:1097,0
DA:1098,0
DA:1101,0
DA:1102,0
DA:1107,0
DA:1110,3
DA:1116,0
DA:1117,0
DA:1118,0
DA:1119,0
DA:1124,1
DA:1125,3
DA:1127,3
DA:1130,0
DA:1131,0
DA:1135,0
DA:1136,0
DA:1137,0
DA:1138,0
DA:1139,0
DA:1140,0
DA:1141,0
DA:1142,0
DA:1168,1
DA:1170,0
DA:1171,0
DA:1197,1
DA:1199,0
DA:1200,0
LF:304
LH:81
end_of_record
SF:/Users/mateusdaniel/.pub-cache/hosted/pub.dartlang.org/path-1.8.3/lib/src/style.dart
DA:14,3
DA:19,0
DA:27,3
DA:33,3
DA:36,1
DA:41,3
DA:42,3
DA:43,3
DA:44,1
DA:51,0
DA:83,0
DA:84,0
LF:12
LH:8
end_of_record
SF:/Users/mateusdaniel/.pub-cache/hosted/pub.dartlang.org/path-1.8.3/lib/src/path_exception.dart
DA:10,0
DA:12,0
DA:13,0
LF:3
LH:0
end_of_record
SF:/Users/mateusdaniel/.pub-cache/hosted/pub.dartlang.org/path-1.8.3/lib/src/path_map.dart
DA:15,0
DA:23,0
DA:24,0
DA:27,0
DA:28,0
DA:29,0
DA:30,0
DA:33,0
DA:35,0
DA:36,0
LF:10
LH:0
end_of_record
SF:/Users/mateusdaniel/.pub-cache/hosted/pub.dartlang.org/path-1.8.3/lib/src/path_set.dart
DA:18,0
DA:26,0
DA:27,0
DA:30,0
DA:31,0
DA:32,0
DA:33,0
DA:36,0
DA:38,0
DA:39,0
DA:46,0
DA:47,0
DA:49,0
DA:50,0
DA:52,0
DA:53,0
DA:55,0
DA:56,0
DA:58,0
DA:59,0
DA:61,0
DA:62,0
DA:64,0
DA:65,0
DA:67,0
DA:68,0
DA:70,0
DA:71,0
DA:73,0
DA:74,0
DA:76,0
DA:77,0
DA:79,0
DA:80,0
DA:82,0
DA:83,0
DA:85,0
DA:86,0
DA:88,0
DA:89,0
DA:91,0
DA:92,0
DA:94,0
DA:95,0
DA:97,0
DA:98,0
LF:46
LH:0
end_of_record
SF:/Users/mateusdaniel/.pub-cache/hosted/pub.dartlang.org/path-1.8.3/lib/src/internal_style.dart
DA:45,1
DA:47,1
DA:48,2
DA:49,0
DA:62,0
DA:64,0
DA:65,0
DA:69,0
DA:70,0
DA:79,2
DA:85,0
DA:87,0
DA:89,0
LF:13
LH:4
end_of_record
SF:/Users/mateusdaniel/.pub-cache/hosted/pub.dartlang.org/path-1.8.3/lib/src/parsed_path.dart
DA:36,0
DA:39,0
DA:41,1
DA:43,1
DA:44,1
DA:45,2
DA:48,1
DA:49,1
DA:53,3
DA:54,0
DA:57,1
DA:60,3
DA:61,2
DA:62,2
DA:63,2
DA:64,1
DA:69,2
DA:70,2
DA:71,1
DA:74,1
DA:77,1
DA:80,0
DA:81,0
DA:82,0
DA:83,0
DA:84,0
DA:87,0
DA:89,0
DA:90,0
DA:92,1
DA:93,5
DA:94,0
DA:95,0
DA:97,7
DA:100,0
DA:103,0
DA:104,0
DA:105,0
DA:107,0
DA:109,0
DA:110,0
DA:113,0
DA:116,0
DA:121,0
DA:122,0
DA:126,0
DA:127,0
DA:131,0
DA:132,0
DA:133,0
DA:134,0
DA:135,0
DA:139,0
DA:140,0
DA:141,0
DA:143,0
DA:146,1
DA:148,1
DA:149,3
DA:150,4
DA:151,3
DA:152,3
DA:154,3
DA:156,1
DA:163,0
DA:165,0
DA:166,0
DA:168,0
DA:169,0
DA:187,0
DA:188,0
DA:189,0
DA:194,0
DA:196,0
DA:197,0
DA:199,0
DA:203,0
DA:205,0
DA:208,0
DA:209,0
LF:80
LH:29
end_of_record
SF:/Users/mateusdaniel/.pub-cache/hosted/pub.dartlang.org/path-1.8.3/lib/src/style/posix.dart
DA:28,1
DA:29,1
DA:31,1
DA:32,1
DA:34,1
DA:36,5
DA:38,1
DA:40,3
DA:44,1
DA:47,0
DA:50,0
DA:52,0
DA:53,0
DA:55,0
DA:58,0
DA:60,0
DA:61,0
DA:65,0
DA:66,0
DA:69,0
DA:72,0
LF:21
LH:9
end_of_record
SF:/Users/mateusdaniel/.pub-cache/hosted/pub.dartlang.org/path-1.8.3/lib/src/style/url.dart
DA:28,0
DA:29,0
DA:31,0
DA:32,0
DA:34,0
DA:36,0
DA:39,0
DA:43,0
DA:46,0
DA:48,0
DA:49,0
DA:51,0
DA:52,0
DA:53,0
DA:54,0
DA:55,0
DA:59,0
DA:60,0
DA:61,0
DA:65,0
DA:66,0
DA:67,0
DA:68,0
DA:75,0
DA:77,0
DA:79,0
DA:80,0
DA:82,0
DA:83,0
DA:85,0
DA:86,0
DA:87,0
DA:88,0
LF:33
LH:0
end_of_record
SF:/Users/mateusdaniel/.pub-cache/hosted/pub.dartlang.org/path-1.8.3/lib/src/style/windows.dart
DA:33,0
DA:34,0
DA:36,0
DA:38,0
DA:40,0
DA:42,0
DA:43,0
DA:46,0
DA:48,0
DA:49,0
DA:50,0
DA:51,0
DA:54,0
DA:55,0
DA:56,0
DA:57,0
DA:59,0
DA:63,0
DA:65,0
DA:67,0
DA:69,0
DA:73,0
DA:74,0
DA:76,0
DA:78,0
DA:79,0
DA:83,0
DA:85,0
DA:86,0
DA:89,0
DA:90,0
DA:94,0
DA:95,0
DA:99,0
DA:101,0
DA:104,0
DA:106,0
DA:107,0
DA:112,0
DA:113,0
DA:115,0
DA:118,0
DA:121,0
DA:122,0
DA:130,0
DA:131,0
DA:136,0
DA:137,0
DA:139,0
DA:143,0
DA:145,0
DA:148,0
DA:149,0
DA:153,0
DA:156,0
DA:157,0
DA:160,0
DA:163,0
DA:164,0
DA:165,0
DA:172,0
DA:174,0
DA:175,0
DA:176,0
DA:177,0
DA:180,0
DA:181,0
LF:67
LH:0
end_of_record
SF:/Users/mateusdaniel/.pub-cache/hosted/pub.dartlang.org/path-1.8.3/lib/src/utils.dart
DA:9,0
DA:10,0
DA:11,0
DA:14,0
DA:18,0
DA:19,0
DA:20,0
DA:21,0
DA:22,0
DA:23,0
LF:10
LH:0
end_of_record
SF:/Users/mateusdaniel/.pub-cache/hosted/pub.dartlang.org/matcher-0.12.14/lib/src/core_matchers.dart
DA:14,1
DA:16,0
DA:17,0
DA:19,0
DA:20,0
DA:27,1
DA:29,0
DA:30,0
DA:32,0
DA:33,0
DA:43,1
DA:44,0
DA:46,0
DA:47,0
DA:51,1
DA:52,0
DA:54,0
DA:55,0
DA:65,1
DA:66,0
DA:67,0
DA:68,0
DA:69,0
DA:73,1
DA:74,0
DA:75,0
DA:76,0
DA:77,0
DA:87,1
DA:88,0
DA:90,0
DA:91,0
DA:92,0
DA:96,1
DA:97,0
DA:99,0
DA:100,0
DA:101,0
DA:106,0
DA:110,0
DA:111,0
DA:112,0
DA:114,0
DA:116,0
DA:123,1
DA:124,0
DA:126,0
DA:127,0
DA:136,0
DA:148,1
DA:150,0
DA:153,0
DA:156,0
DA:161,0
DA:163,0
DA:165,0
DA:168,0
DA:170,0
DA:184,0
DA:188,0
DA:190,0
DA:193,0
DA:194,0
DA:200,0
DA:202,0
DA:204,0
DA:208,0
DA:209,0
DA:211,0
DA:223,2
DA:228,1
DA:230,1
DA:232,1
DA:233,1
DA:234,2
DA:235,0
DA:236,0
DA:237,0
DA:239,0
DA:241,0
DA:242,0
DA:247,0
DA:249,0
DA:251,0
DA:254,0
DA:256,0
DA:258,0
DA:265,0
DA:266,0
DA:267,0
DA:268,0
DA:269,0
DA:270,0
DA:271,0
DA:274,0
DA:282,0
DA:284,0
DA:285,0
DA:287,0
DA:289,0
DA:298,0
DA:300,0
DA:308,0
DA:310,0
DA:311,0
DA:313,0
DA:315,0
LF:107
LH:16
end_of_record
SF:/Users/mateusdaniel/.pub-cache/hosted/pub.dartlang.org/matcher-0.12.14/lib/src/custom_matcher.dart
DA:38,0
DA:40,0
DA:43,0
DA:45,0
DA:48,0
DA:49,0
DA:50,0
DA:52,0
DA:53,0
DA:54,0
DA:55,0
DA:56,0
DA:57,0
DA:58,0
DA:59,0
DA:61,0
DA:67,0
DA:69,0
DA:71,0
DA:74,0
DA:76,0
DA:77,0
DA:78,0
DA:79,0
DA:84,0
DA:85,0
DA:86,0
DA:87,0
DA:88,0
DA:90,0
DA:91,0
DA:93,0
DA:94,0
LF:33
LH:0
end_of_record
SF:/Users/mateusdaniel/.pub-cache/hosted/pub.dartlang.org/matcher-0.12.14/lib/src/description.dart
DA:15,0
DA:16,0
DA:19,0
DA:20,0
DA:23,0
DA:24,0
DA:27,0
DA:29,0
DA:34,0
DA:36,0
DA:37,0
DA:44,0
DA:46,0
DA:47,0
DA:49,0
DA:57,0
DA:61,0
DA:62,0
DA:64,0
DA:66,0
DA:69,0
LF:21
LH:0
end_of_record
SF:/Users/mateusdaniel/.pub-cache/hosted/pub.dartlang.org/matcher-0.12.14/lib/src/equals_matcher.dart
DA:18,2
DA:19,1
DA:20,1
DA:28,1
DA:30,1
DA:31,2
DA:33,0
DA:35,0
DA:37,0
DA:40,0
DA:41,0
DA:42,0
DA:43,0
DA:44,0
DA:45,0
DA:46,0
DA:48,0
DA:49,0
DA:53,0
DA:54,0
DA:55,0
DA:57,0
DA:59,0
DA:61,0
DA:64,0
DA:65,0
DA:66,0
DA:67,0
DA:68,0
DA:69,0
DA:70,0
DA:71,0
DA:72,0
DA:74,0
DA:77,0
DA:80,0
DA:81,0
DA:82,0
DA:83,0
DA:85,0
DA:89,0
DA:90,0
DA:91,0
DA:93,0
DA:94,0
DA:103,1
DA:105,0
DA:107,0
DA:108,0
DA:109,0
DA:110,0
DA:112,0
DA:113,0
DA:119,0
DA:121,0
DA:124,0
DA:128,0
DA:133,0
DA:137,0
DA:139,0
DA:140,0
DA:142,0
DA:143,0
DA:144,0
DA:145,0
DA:148,0
DA:149,0
DA:150,0
DA:154,0
DA:155,0
DA:156,0
DA:157,0
DA:162,0
DA:166,1
DA:169,1
DA:170,0
DA:171,0
DA:172,0
DA:173,0
DA:174,0
DA:175,0
DA:176,0
DA:177,0
DA:183,1
DA:186,0
DA:189,0
DA:190,0
DA:194,2
DA:195,0
DA:200,1
DA:201,1
DA:202,0
DA:203,0
DA:204,1
DA:205,0
DA:206,0
DA:207,1
DA:208,0
DA:209,0
DA:211,0
DA:214,0
DA:215,0
DA:216,0
DA:219,0
DA:220,0
DA:221,0
DA:225,0
DA:226,0
DA:227,0
DA:230,0
DA:231,0
DA:232,0
DA:236,0
DA:237,0
DA:238,0
DA:248,1
DA:249,0
DA:250,0
DA:253,1
DA:257,1
DA:259,2
DA:261,2
DA:265,0
DA:267,0
DA:269,0
DA:272,0
DA:273,0
DA:274,0
DA:276,0
DA:277,0
DA:278,0
DA:279,0
DA:282,0
DA:283,0
DA:291,0
DA:292,0
DA:295,0
DA:321,1
DA:324,0
DA:325,0
LF:140
LH:21
end_of_record
SF:/Users/mateusdaniel/.pub-cache/hosted/pub.dartlang.org/matcher-0.12.14/lib/src/iterable_matchers.dart
DA:13,0
DA:14,0
DA:19,0
DA:21,0
DA:24,0
DA:25,0
DA:26,0
DA:29,0
DA:34,0
DA:36,0
DA:38,0
DA:41,0
DA:42,0
DA:43,0
DA:45,0
DA:46,0
DA:47,0
DA:48,0
DA:49,0
DA:50,0
DA:51,0
DA:52,0
DA:54,0
DA:55,0
DA:57,0
DA:61,0
DA:67,0
DA:68,0
DA:73,0
DA:75,0
DA:77,0
DA:79,0
DA:81,0
DA:88,0
DA:94,0
DA:96,0
DA:98,0
DA:100,0
DA:102,0
DA:104,0
DA:107,0
DA:117,0
DA:122,0
DA:123,0
DA:124,0
DA:126,0
DA:128,0
DA:129,0
DA:130,0
DA:136,0
DA:144,0
DA:150,0
DA:151,0
DA:154,0
DA:156,0
DA:157,0
DA:158,0
DA:159,0
DA:162,0
DA:163,0
DA:164,0
DA:165,0
DA:166,0
DA:172,0
DA:173,0
DA:174,0
DA:177,0
DA:178,0
DA:179,0
DA:180,0
DA:181,0
DA:182,0
DA:183,0
DA:185,0
DA:186,0
DA:187,0
DA:189,0
DA:190,0
DA:196,0
DA:198,0
DA:200,0
DA:202,0
DA:203,0
DA:204,0
DA:206,0
DA:209,0
DA:216,0
DA:218,0
DA:222,0
DA:225,0
DA:226,0
DA:227,0
DA:228,0
DA:232,0
DA:233,0
DA:246,0
DA:248,0
DA:257,0
DA:259,0
DA:261,0
DA:262,0
DA:264,0
DA:265,0
DA:266,0
DA:267,0
DA:268,0
DA:271,0
DA:276,0
DA:278,0
DA:280,0
DA:283,0
DA:285,0
DA:288,0
DA:289,0
DA:290,0
DA:291,0
DA:292,0
DA:314,0
DA:319,0
DA:321,0
DA:322,0
DA:324,0
DA:335,0
DA:340,0
DA:342,0
DA:343,0
DA:345,0
DA:346,0
DA:347,0
DA:349,0
DA:350,0
DA:351,0
DA:352,0
DA:353,0
DA:356,0
DA:358,0
DA:360,0
DA:362,0
DA:363,0
DA:364,0
DA:366,0
DA:369,0
DA:374,0
DA:379,0
DA:381,0
DA:382,0
DA:383,0
DA:384,0
DA:385,0
DA:387,0
DA:390,0
DA:391,0
DA:392,0
DA:393,0
DA:394,0
DA:396,0
DA:397,0
DA:398,0
DA:399,0
DA:400,0
DA:401,0
DA:404,0
DA:406,0
DA:408,0
DA:410,0
DA:412,0
DA:415,0
LF:167
LH:0
end_of_record
SF:/Users/mateusdaniel/.pub-cache/hosted/pub.dartlang.org/matcher-0.12.14/lib/src/map_matchers.dart
DA:9,0
DA:14,0
DA:16,0
DA:18,0
DA:19,0
DA:21,0
DA:26,0
DA:27,0
DA:33,0
DA:35,0
DA:37,0
DA:38,0
DA:40,0
DA:43,0
DA:44,0
DA:45,0
DA:46,0
DA:49,0
DA:52,0
DA:54,0
DA:55,0
DA:58,0
DA:59,0
DA:60,0
DA:61,0
DA:62,0
LF:26
LH:0
end_of_record
SF:/Users/mateusdaniel/.pub-cache/hosted/pub.dartlang.org/matcher-0.12.14/lib/src/numeric_matchers.dart
DA:13,0
DA:18,0
DA:20,0
DA:22,0
DA:23,0
DA:24,0
DA:27,0
DA:29,0
DA:30,0
DA:31,0
DA:32,0
DA:34,0
DA:37,0
DA:38,0
DA:39,0
DA:45,0
DA:49,0
DA:50,0
DA:54,0
DA:55,0
DA:59,0
DA:60,0
DA:66,0
DA:69,0
DA:71,0
DA:74,0
DA:75,0
DA:77,0
DA:78,0
DA:81,0
DA:84,0
DA:86,0
DA:87,0
DA:88,0
LF:34
LH:0
end_of_record
SF:/Users/mateusdaniel/.pub-cache/hosted/pub.dartlang.org/matcher-0.12.14/lib/src/operator_matchers.dart
DA:9,0
DA:14,0
DA:16,0
DA:18,0
DA:20,0
DA:22,0
DA:31,0
DA:38,0
DA:44,0
DA:46,0
DA:48,0
DA:49,0
DA:50,0
DA:57,0
DA:60,0
DA:61,0
DA:62,0
DA:66,0
DA:68,0
DA:81,1
DA:88,2
DA:94,1
DA:96,1
DA:98,2
DA:99,1
DA:106,0
DA:108,0
DA:111,1
DA:114,1
DA:121,0
DA:127,0
DA:130,2
LF:32
LH:9
end_of_record
SF:/Users/mateusdaniel/.pub-cache/hosted/pub.dartlang.org/matcher-0.12.14/lib/src/order_matchers.dart
DA:9,0
DA:10,0
DA:14,0
DA:19,0
DA:20,0
DA:24,0
DA:25,0
DA:72,1
DA:77,0
DA:79,0
DA:80,0
DA:81,0
DA:82,0
DA:83,0
DA:84,0
DA:90,0
DA:92,0
DA:94,0
DA:95,0
DA:96,0
DA:98,0
DA:102,0
DA:105,0
DA:106,0
LF:24
LH:1
end_of_record
SF:/Users/mateusdaniel/.pub-cache/hosted/pub.dartlang.org/matcher-0.12.14/lib/src/string_matchers.dart
DA:10,0
DA:16,0
DA:18,0
DA:20,0
DA:22,0
DA:24,0
DA:26,0
DA:46,0
DA:47,0
DA:52,0
DA:53,0
DA:55,0
DA:57,0
DA:59,0
DA:61,0
DA:63,0
DA:67,0
DA:68,0
DA:69,0
DA:75,0
DA:80,0
DA:82,0
DA:83,0
DA:85,0
DA:87,0
DA:92,0
DA:97,0
DA:99,0
DA:100,0
DA:102,0
DA:104,0
DA:113,0
DA:114,0
DA:119,0
DA:121,0
DA:124,0
DA:125,0
DA:126,0
DA:127,0
DA:132,0
DA:133,0
DA:134,0
DA:142,0
DA:147,0
DA:148,0
DA:149,0
DA:150,0
DA:152,0
DA:154,0
DA:155,0
DA:157,0
DA:159,0
DA:164,0
DA:165,0
DA:167,0
DA:168,0
DA:169,0
DA:171,0
DA:175,0
DA:179,0
DA:182,0
DA:183,0
LF:62
LH:0
end_of_record
SF:/Users/mateusdaniel/.pub-cache/hosted/pub.dartlang.org/matcher-0.12.14/lib/src/type_matcher.dart
DA:18,0
DA:62,4
DA:84,0
DA:87,0
DA:89,0
DA:91,0
DA:92,0
DA:95,1
DA:96,1
DA:98,0
DA:101,0
DA:102,0
DA:106,0
DA:114,0
DA:115,0
LF:15
LH:3
end_of_record
SF:/Users/mateusdaniel/.pub-cache/hosted/pub.dartlang.org/matcher-0.12.14/lib/src/util.dart
DA:21,0
DA:22,0
DA:25,1
DA:26,1
DA:27,1
DA:28,1
DA:29,1
DA:37,1
DA:38,1
DA:40,1
DA:42,0
DA:43,1
DA:47,0
DA:49,1
DA:57,0
DA:58,0
DA:59,0
DA:60,0
DA:62,0
DA:67,0
DA:68,0
DA:69,0
LF:22
LH:10
end_of_record
SF:/Users/mateusdaniel/.pub-cache/hosted/pub.dartlang.org/matcher-0.12.14/lib/src/feature_matcher.dart
DA:12,2
DA:14,1
DA:16,2
DA:20,0
DA:23,0
DA:24,0
DA:28,0
DA:31,0
LF:8
LH:3
end_of_record
SF:/Users/mateusdaniel/.pub-cache/hosted/pub.dartlang.org/matcher-0.12.14/lib/src/pretty_print.dart
DA:18,0
DA:19,0
DA:22,0
DA:23,0
DA:24,0
DA:25,0
DA:29,0
DA:30,0
DA:31,0
DA:33,0
DA:35,0
DA:38,0
DA:39,0
DA:40,0
DA:45,0
DA:47,0
DA:48,0
DA:53,0
DA:54,0
DA:55,0
DA:56,0
DA:58,0
DA:59,0
DA:60,0
DA:63,0
DA:64,0
DA:69,0
DA:71,0
DA:72,0
DA:77,0
DA:78,0
DA:79,0
DA:80,0
DA:83,0
DA:84,0
DA:85,0
DA:86,0
DA:88,0
DA:89,0
DA:93,0
DA:98,0
DA:99,0
DA:100,0
DA:101,0
DA:102,0
DA:103,0
DA:108,0
DA:113,0
DA:116,0
DA:120,0
DA:121,0
DA:122,0
DA:123,0
DA:124,0
DA:125,0
DA:133,0
LF:56
LH:0
end_of_record
SF:/Users/mateusdaniel/.pub-cache/hosted/pub.dartlang.org/matcher-0.12.14/lib/src/having_matcher.dart
DA:16,0
DA:18,0
DA:19,0
DA:22,0
DA:28,0
DA:29,0
DA:30,0
DA:33,0
DA:36,0
DA:37,0
DA:39,0
DA:41,0
DA:42,0
DA:43,0
DA:50,0
DA:53,0
DA:54,0
DA:55,0
DA:59,0
DA:61,0
DA:62,0
DA:63,0
DA:64,0
DA:70,0
DA:71,0
DA:73,0
DA:74,0
LF:27
LH:0
end_of_record
SF:/Users/mateusdaniel/.pub-cache/hosted/pub.dartlang.org/collection-1.17.1/lib/src/algorithms.dart
DA:21,0
DA:24,0
DA:36,0
DA:39,0
DA:42,0
DA:43,0
DA:44,0
DA:45,0
DA:46,0
DA:47,0
DA:48,0
DA:49,0
DA:54,0
DA:70,0
DA:72,0
DA:89,0
DA:92,0
DA:95,0
DA:96,0
DA:97,0
DA:98,0
DA:99,0
DA:100,0
DA:101,0
DA:117,0
DA:118,0
DA:119,0
DA:120,0
DA:121,0
DA:122,0
DA:123,0
DA:124,0
DA:125,0
DA:126,0
DA:131,0
DA:132,0
DA:133,0
DA:137,0
DA:138,0
DA:139,0
DA:140,0
DA:141,0
DA:160,0
DA:165,0
DA:167,0
DA:170,0
DA:171,0
DA:172,0
DA:173,0
DA:174,0
DA:177,0
DA:180,0
DA:181,0
DA:189,0
DA:192,0
DA:193,0
DA:214,0
DA:216,0
DA:219,0
DA:220,0
DA:221,0
DA:222,0
DA:231,0
DA:232,0
DA:233,0
DA:235,0
DA:236,0
DA:237,0
DA:238,0
DA:240,0
DA:251,0
DA:254,0
DA:255,0
DA:256,0
DA:257,0
DA:258,0
DA:267,0
DA:268,0
DA:269,0
DA:271,0
DA:272,0
DA:273,0
DA:274,0
DA:275,0
DA:283,0
DA:291,0
DA:292,0
DA:293,0
DA:294,0
DA:295,0
DA:296,0
DA:298,0
DA:299,0
DA:300,0
DA:301,0
DA:304,0
DA:307,0
DA:308,0
DA:319,0
DA:327,0
DA:328,0
DA:329,0
DA:333,0
DA:334,0
DA:335,0
DA:337,0
DA:339,0
DA:341,0
DA:343,0
DA:344,0
DA:355,0
DA:367,0
DA:368,0
DA:371,0
DA:372,0
DA:373,0
DA:374,0
DA:376,0
DA:377,0
DA:378,0
DA:379,0
DA:380,0
DA:382,0
DA:383,0
DA:384,0
DA:385,0
DA:389,0
DA:390,0
DA:396,0
DA:397,0
DA:398,0
DA:407,0
DA:409,0
DA:410,0
DA:420,0
DA:423,0
DA:424,0
DA:427,0
DA:430,0
DA:431,0
DA:432,0
DA:433,0
DA:434,0
DA:437,0
DA:438,0
DA:439,0
DA:440,0
DA:441,0
DA:442,0
DA:443,0
DA:444,0
DA:446,0
DA:448,0
DA:449,0
DA:450,0
DA:452,0
DA:454,0
DA:457,0
DA:458,0
DA:461,0
DA:464,0
DA:466,0
LF:162
LH:0
end_of_record
SF:/Users/mateusdaniel/.pub-cache/hosted/pub.dartlang.org/collection-1.17.1/lib/src/boollist.dart
DA:28,0
DA:30,0
DA:32,0
DA:34,0
DA:42,0
DA:43,0
DA:47,0
DA:49,0
DA:53,0
DA:65,0
DA:66,0
DA:69,0
DA:71,0
DA:82,0
DA:87,0
DA:89,0
DA:90,0
DA:91,0
DA:102,0
DA:103,0
DA:116,0
DA:117,0
DA:119,0
DA:121,0
DA:122,0
DA:123,0
DA:127,0
DA:129,0
DA:130,0
DA:133,0
DA:135,0
DA:138,0
DA:139,0
DA:141,0
DA:142,0
DA:144,0
DA:146,0
DA:147,0
DA:148,0
DA:150,0
DA:151,0
DA:152,0
DA:156,0
DA:158,0
DA:167,0
DA:168,0
DA:170,0
DA:172,0
DA:174,0
DA:178,0
DA:179,0
DA:186,0
DA:187,0
DA:188,0
DA:192,0
DA:193,0
DA:194,0
DA:198,0
DA:200,0
DA:201,0
DA:202,0
DA:203,0
DA:204,0
DA:208,0
DA:209,0
DA:210,0
DA:211,0
DA:212,0
DA:214,0
DA:217,0
DA:218,0
DA:219,0
DA:220,0
DA:223,0
DA:224,0
DA:227,0
DA:232,0
DA:233,0
DA:234,0
DA:238,0
DA:239,0
DA:240,0
DA:252,0
DA:254,0
DA:255,0
DA:257,0
DA:259,0
DA:260,0
DA:263,0
DA:264,0
DA:265,0
DA:266,0
DA:270,0
LF:93
LH:0
end_of_record
SF:/Users/mateusdaniel/.pub-cache/hosted/pub.dartlang.org/collection-1.17.1/lib/src/canonicalized_map.dart
DA:28,0
DA:42,0
DA:46,0
DA:49,0
DA:51,0
DA:52,0
DA:53,0
DA:56,0
DA:58,0
DA:59,0
DA:62,0
DA:64,0
DA:67,0
DA:68,0
DA:69,0
DA:71,0
DA:72,0
DA:74,0
DA:76,0
DA:79,0
DA:81,0
DA:82,0
DA:85,0
DA:87,0
DA:89,0
DA:91,0
DA:93,0
DA:95,0
DA:98,0
DA:99,0
DA:101,0
DA:102,0
DA:104,0
DA:105,0
DA:107,0
DA:108,0
DA:110,0
DA:112,0
DA:114,0
DA:116,0
DA:117,0
DA:118,0
DA:121,0
DA:123,0
DA:124,0
DA:125,0
DA:128,0
DA:130,0
DA:132,0
DA:133,0
DA:135,0
DA:137,0
DA:138,0
DA:139,0
DA:141,0
DA:144,0
DA:146,0
DA:148,0
DA:149,0
DA:150,0
DA:151,0
DA:153,0
DA:156,0
DA:157,0
DA:159,0
DA:160,0
DA:162,0
DA:163,0
LF:68
LH:0
end_of_record
SF:/Users/mateusdaniel/.pub-cache/hosted/pub.dartlang.org/collection-1.17.1/lib/src/combined_wrappers/combined_iterable.dart
DA:21,0
DA:23,0
DA:25,0
DA:30,0
DA:31,0
DA:33,0
DA:34,0
DA:36,0
DA:37,0
LF:9
LH:0
end_of_record
SF:/Users/mateusdaniel/.pub-cache/hosted/pub.dartlang.org/collection-1.17.1/lib/src/combined_wrappers/combined_list.dart
DA:20,0
DA:21,0
DA:28,0
DA:30,0
DA:32,0
DA:34,0
DA:36,0
DA:39,0
DA:40,0
DA:42,0
DA:45,0
DA:46,0
DA:47,0
DA:48,0
DA:50,0
DA:52,0
DA:55,0
DA:57,0
DA:60,0
DA:62,0
DA:65,0
DA:67,0
DA:70,0
DA:72,0
DA:75,0
DA:77,0
LF:26
LH:0
end_of_record
SF:/Users/mateusdaniel/.pub-cache/hosted/pub.dartlang.org/collection-1.17.1/lib/src/combined_wrappers/combined_map.dart
DA:29,0
DA:31,0
DA:33,0
DA:35,0
DA:36,0
DA:57,0
DA:58,0
DA:59,0
DA:66,0
DA:68,0
DA:69,0
DA:77,0
DA:78,0
DA:80,0
DA:81,0
DA:90,0
DA:92,0
DA:93,0
DA:95,0
DA:97,0
DA:98,0
LF:21
LH:0
end_of_record
SF:/Users/mateusdaniel/.pub-cache/hosted/pub.dartlang.org/collection-1.17.1/lib/src/comparators.dart
DA:27,0
DA:28,0
DA:29,0
DA:30,0
DA:31,0
DA:32,0
DA:34,0
DA:37,0
DA:38,0
DA:50,0
DA:56,0
DA:57,0
DA:61,0
DA:62,0
DA:63,0
DA:64,0
DA:66,0
DA:67,0
DA:68,0
DA:85,0
DA:87,0
DA:88,0
DA:89,0
DA:90,0
DA:91,0
DA:95,0
DA:96,0
DA:98,0
DA:99,0
DA:101,0
DA:102,0
DA:104,0
DA:105,0
DA:122,0
DA:124,0
DA:125,0
DA:126,0
DA:127,0
DA:128,0
DA:132,0
DA:133,0
DA:135,0
DA:136,0
DA:138,0
DA:139,0
DA:141,0
DA:142,0
DA:161,0
DA:162,0
DA:163,0
DA:164,0
DA:165,0
DA:166,0
DA:167,0
DA:170,0
DA:187,0
DA:189,0
DA:190,0
DA:191,0
DA:192,0
DA:193,0
DA:196,0
DA:197,0
DA:199,0
DA:200,0
DA:202,0
DA:203,0
DA:205,0
DA:207,0
DA:208,0
DA:224,0
DA:226,0
DA:227,0
DA:228,0
DA:229,0
DA:230,0
DA:233,0
DA:234,0
DA:236,0
DA:237,0
DA:239,0
DA:240,0
DA:242,0
DA:244,0
DA:245,0
DA:258,0
DA:259,0
DA:260,0
DA:261,0
DA:264,0
DA:265,0
DA:269,0
DA:271,0
DA:274,0
DA:283,0
DA:286,0
DA:288,0
DA:289,0
DA:292,0
DA:298,0
DA:300,0
DA:301,0
DA:302,0
DA:303,0
DA:304,0
DA:305,0
DA:307,0
DA:308,0
DA:309,0
DA:310,0
DA:311,0
DA:313,0
DA:314,0
DA:315,0
DA:316,0
DA:325,0
DA:326,0
DA:327,0
DA:329,0
DA:330,0
DA:331,0
DA:335,0
DA:342,0
DA:347,0
DA:351,0
DA:352,0
DA:353,0
DA:360,0
DA:361,0
DA:362,0
DA:363,0
DA:364,0
DA:369,0
DA:374,0
DA:375,0
DA:380,0
DA:387,0
DA:388,0
DA:389,0
DA:390,0
LF:140
LH:0
end_of_record
SF:/Users/mateusdaniel/.pub-cache/hosted/pub.dartlang.org/collection-1.17.1/lib/src/equality.dart
DA:54,0
DA:59,0
DA:61,0
DA:63,0
DA:64,0
DA:66,0
DA:68,0
DA:69,0
DA:70,0
DA:85,2
DA:86,0
DA:87,0
DA:88,0
DA:89,0
DA:90,0
DA:96,0
DA:97,0
DA:99,0
DA:100,0
DA:101,0
DA:114,0
DA:118,0
DA:122,0
DA:123,0
DA:125,0
DA:126,0
DA:128,0
DA:132,0
DA:134,0
DA:137,0
DA:138,0
DA:139,0
DA:140,0
DA:141,0
DA:143,0
DA:144,0
DA:145,0
DA:149,0
DA:150,0
DA:166,0
DA:170,0
DA:174,0
DA:175,0
DA:176,0
DA:177,0
DA:182,0
DA:184,0
DA:189,0
DA:190,0
DA:191,0
DA:192,0
DA:193,0
DA:195,0
DA:196,0
DA:197,0
DA:201,0
DA:202,0
DA:209,0
DA:211,0
DA:215,0
DA:216,0
DA:217,0
DA:218,0
DA:220,0
DA:221,0
DA:222,0
DA:223,0
DA:225,0
DA:226,0
DA:227,0
DA:228,0
DA:229,0
DA:231,0
DA:234,0
DA:236,0
DA:238,0
DA:239,0
DA:240,0
DA:242,0
DA:243,0
DA:244,0
DA:255,0
DA:258,0
DA:259,0
DA:275,0
DA:277,0
DA:278,0
DA:289,0
DA:291,0
DA:293,0
DA:294,0
DA:297,0
DA:299,0
DA:300,0
DA:301,0
DA:315,0
DA:321,0
DA:325,0
DA:326,0
DA:327,0
DA:328,0
DA:329,0
DA:330,0
DA:331,0
DA:333,0
DA:334,0
DA:335,0
DA:336,0
DA:337,0
DA:342,0
DA:344,0
DA:346,0
DA:347,0
DA:348,0
DA:349,0
DA:351,0
DA:352,0
DA:353,0
DA:357,0
DA:358,0
DA:378,0
DA:381,0
DA:383,0
DA:384,0
DA:389,0
DA:391,0
DA:392,0
DA:397,0
DA:399,0
DA:400,0
DA:424,0
DA:431,0
DA:436,0
DA:438,0
DA:439,0
DA:441,0
DA:442,0
DA:444,0
DA:445,0
DA:446,0
DA:448,0
DA:449,0
DA:451,0
DA:452,0
DA:453,0
DA:455,0
DA:458,0
DA:460,0
DA:461,0
DA:462,0
DA:463,0
DA:464,0
DA:465,0
DA:466,0
DA:468,0
DA:471,0
DA:473,0
DA:480,0
DA:482,0
DA:484,0
DA:486,0
DA:487,0
DA:489,0
DA:490,0
LF:164
LH:1
end_of_record
SF:/Users/mateusdaniel/.pub-cache/hosted/pub.dartlang.org/collection-1.17.1/lib/src/equality_map.dart
DA:13,0
DA:14,0
DA:15,0
DA:16,0
DA:17,0
DA:24,0
DA:25,0
DA:26,0
DA:27,0
DA:28,0
DA:29,0
LF:11
LH:0
end_of_record
SF:/Users/mateusdaniel/.pub-cache/hosted/pub.dartlang.org/collection-1.17.1/lib/src/equality_set.dart
DA:13,0
DA:14,0
DA:15,0
DA:16,0
DA:17,0
DA:24,0
DA:25,0
DA:26,0
DA:27,0
DA:28,0
DA:29,0
LF:11
LH:0
end_of_record
SF:/Users/mateusdaniel/.pub-cache/hosted/pub.dartlang.org/collection-1.17.1/lib/src/functions.dart
DA:14,0
DA:17,0
DA:18,0
DA:20,0
DA:21,0
DA:22,0
DA:32,1
DA:34,1
DA:35,0
DA:37,1
DA:38,0
DA:39,0
DA:48,0
DA:49,0
DA:56,0
DA:57,0
DA:58,0
DA:59,0
DA:72,0
DA:78,0
DA:79,0
DA:80,0
DA:96,0
DA:102,0
DA:103,0
DA:104,0
DA:123,0
DA:128,0
DA:129,0
DA:130,0
DA:135,0
DA:136,0
DA:137,0
DA:138,0
DA:139,0
DA:140,0
DA:141,0
DA:162,0
DA:167,0
DA:168,0
DA:172,0
DA:173,0
DA:174,0
DA:176,0
DA:177,0
DA:178,0
DA:179,0
DA:181,0
DA:182,0
DA:184,0
DA:185,0
DA:186,0
DA:187,0
DA:188,0
DA:189,0
DA:193,0
DA:197,0
DA:198,0
DA:199,0
DA:200,0
DA:201,0
DA:205,0
DA:206,0
DA:211,0
LF:64
LH:3
end_of_record
SF:/Users/mateusdaniel/.pub-cache/hosted/pub.dartlang.org/collection-1.17.1/lib/src/iterable_extensions.dart
DA:31,0
DA:32,0
DA:33,0
DA:34,0
DA:35,0
DA:36,0
DA:37,0
DA:43,0
DA:44,0
DA:45,0
DA:46,0
DA:47,0
DA:53,0
DA:54,0
DA:59,0
DA:65,0
DA:66,0
DA:67,0
DA:75,0
DA:77,0
DA:78,0
DA:90,0
DA:91,0
DA:92,0
DA:93,0
DA:94,0
DA:95,0
DA:96,0
DA:106,0
DA:107,0
DA:108,0
DA:109,0
DA:110,0
DA:111,0
DA:112,0
DA:123,0
DA:125,0
DA:126,0
DA:127,0
DA:128,0
DA:129,0
DA:130,0
DA:140,0
DA:142,0
DA:143,0
DA:151,0
DA:152,0
DA:153,0
DA:162,0
DA:164,0
DA:165,0
DA:170,0
DA:172,0
DA:173,0
DA:178,0
DA:180,0
DA:181,0
DA:186,0
DA:188,0
DA:189,0
DA:194,0
DA:197,0
DA:198,0
DA:212,0
DA:213,0
DA:214,0
DA:215,0
DA:218,0
DA:219,0
DA:220,0
DA:233,0
DA:237,0
DA:238,0
DA:244,0
DA:245,0
DA:246,0
DA:254,0
DA:256,0
DA:257,0
DA:263,0
DA:264,0
DA:265,0
DA:270,0
DA:272,0
DA:273,0
DA:281,0
DA:284,0
DA:285,0
DA:291,0
DA:292,0
DA:293,0
DA:304,0
DA:307,0
DA:308,0
DA:324,0
DA:328,0
DA:329,0
DA:345,0
DA:346,0
DA:347,0
DA:348,0
DA:349,0
DA:365,0
DA:371,0
DA:387,0
DA:389,0
DA:390,0
DA:391,0
DA:392,0
DA:398,0
DA:399,0
DA:400,0
DA:401,0
DA:407,0
DA:408,0
DA:409,0
DA:410,0
DA:429,0
DA:430,0
DA:446,0
DA:447,0
DA:462,0
DA:463,0
DA:479,0
DA:481,0
DA:482,0
DA:486,0
DA:487,0
DA:488,0
DA:489,0
DA:491,0
DA:493,0
DA:514,0
DA:518,0
DA:519,0
DA:520,0
DA:542,0
DA:544,0
DA:545,0
DA:546,0
DA:547,0
DA:549,0
DA:550,0
DA:551,0
DA:553,0
DA:555,0
DA:568,0
DA:569,0
DA:570,0
DA:582,0
DA:583,0
DA:585,0
DA:586,0
DA:587,0
DA:588,0
DA:589,0
DA:604,0
DA:605,0
DA:619,0
DA:620,0
DA:621,0
DA:622,0
DA:623,0
DA:626,0
DA:627,0
DA:628,0
DA:631,0
DA:645,0
DA:650,0
DA:651,0
DA:652,0
DA:653,0
DA:654,0
DA:657,0
DA:658,0
DA:659,0
DA:662,0
DA:676,0
DA:681,0
DA:683,0
DA:684,0
DA:695,0
DA:698,0
DA:699,0
DA:700,0
DA:702,0
DA:713,0
DA:714,0
DA:715,0
DA:716,0
DA:717,0
DA:718,0
DA:719,0
DA:731,0
DA:734,0
DA:735,0
DA:736,0
DA:737,0
DA:738,0
DA:739,0
DA:740,0
DA:752,0
DA:757,0
DA:759,0
DA:760,0
DA:775,0
DA:779,0
DA:782,0
DA:783,0
DA:784,0
DA:785,0
DA:787,0
DA:788,0
DA:800,0
DA:801,0
DA:802,0
DA:803,0
DA:804,0
DA:807,0
DA:808,0
DA:809,0
DA:812,0
DA:826,0
DA:831,0
DA:832,0
DA:833,0
DA:834,0
DA:835,0
DA:838,0
DA:839,0
DA:840,0
DA:843,0
DA:857,0
DA:862,0
DA:864,0
DA:865,0
DA:879,0
DA:880,0
DA:893,0
DA:894,0
DA:895,0
DA:896,0
DA:897,0
DA:898,0
DA:899,0
DA:911,0
DA:914,0
DA:915,0
DA:916,0
DA:917,0
DA:918,0
DA:919,0
DA:920,0
DA:932,0
DA:938,0
DA:944,0
DA:946,0
DA:948,0
DA:949,0
DA:950,0
DA:951,0
DA:952,0
DA:953,0
DA:963,0
DA:969,0
DA:970,0
DA:977,0
DA:978,0
DA:979,0
LF:269
LH:0
end_of_record
[...]
SF:/Users/mateusdaniel/.pub-cache/hosted/pub.dartlang.org/boolean_selector-2.1.1/lib/src/impl.dart
DA:26,0
DA:27,0
DA:29,0
DA:31,0
DA:32,0
DA:34,0
DA:36,0
DA:38,0
DA:40,0
DA:41,0
DA:42,0
DA:43,0
DA:44,0
DA:47,0
DA:49,0
DA:50,0
DA:51,0
DA:52,0
DA:53,0
DA:56,0
DA:58,0
DA:61,0
DA:62,0
DA:64,0
DA:66,0
DA:68,0
DA:69,0
LF:27
LH:0
end_of_record
SF:/Users/mateusdaniel/.pub-cache/hosted/pub.dartlang.org/boolean_selector-2.1.1/lib/src/none.dart
DA:12,1
DA:14,0
DA:17,0
DA:20,0
DA:23,0
DA:26,0
LF:6
LH:1
end_of_record
SF:/Users/mateusdaniel/.pub-cache/hosted/pub.dartlang.org/boolean_selector-2.1.1/lib/src/ast.dart
DA:35,0
DA:36,0
DA:38,0
DA:40,0
DA:41,0
DA:43,0
DA:44,0
DA:46,0
DA:47,0
DA:49,0
DA:50,0
DA:61,0
DA:62,0
DA:64,0
DA:66,0
DA:67,0
DA:69,0
DA:71,0
DA:73,0
DA:74,0
DA:76,0
DA:77,0
DA:82,0
DA:83,0
DA:91,0
DA:93,0
DA:94,0
DA:97,0
DA:99,0
DA:100,0
DA:102,0
DA:104,0
DA:106,0
DA:108,0
DA:111,0
DA:113,0
DA:115,0
DA:116,0
DA:121,0
DA:122,0
DA:130,0
DA:132,0
DA:133,0
DA:136,0
DA:138,0
DA:139,0
DA:141,0
DA:143,0
DA:145,0
DA:147,0
DA:150,0
DA:152,0
DA:154,0
DA:155,0
DA:160,0
DA:161,0
DA:172,0
DA:174,0
DA:175,0
DA:176,0
DA:179,0
DA:181,0
DA:182,0
DA:184,0
DA:187,0
DA:188,0
DA:189,0
DA:192,0
DA:194,0
DA:195,0
DA:196,0
DA:197,0
DA:199,0
DA:201,0
DA:206,0
DA:208,0
DA:209,0
LF:77
LH:0
end_of_record
SF:/Users/mateusdaniel/.pub-cache/hosted/pub.dartlang.org/boolean_selector-2.1.1/lib/src/visitor.dart
DA:21,0
DA:23,0
DA:26,0
DA:28,0
DA:31,0
DA:33,0
DA:34,0
DA:37,0
DA:39,0
DA:40,0
DA:43,0
DA:45,0
DA:46,0
DA:47,0
LF:14
LH:0
end_of_record
SF:/Users/mateusdaniel/.pub-cache/hosted/pub.dartlang.org/boolean_selector-2.1.1/lib/src/evaluator.dart
DA:13,0
DA:15,0
DA:16,0
DA:18,0
DA:19,0
DA:21,0
DA:23,0
DA:25,0
DA:27,0
DA:29,0
DA:30,0
DA:31,0
DA:32,0
LF:13
LH:0
end_of_record
SF:/Users/mateusdaniel/.pub-cache/hosted/pub.dartlang.org/boolean_selector-2.1.1/lib/src/intersection_selector.dart
DA:13,0
DA:15,0
DA:16,0
DA:19,0
DA:21,0
DA:23,0
DA:25,0
DA:27,0
DA:29,0
DA:30,0
DA:32,0
DA:34,0
DA:35,0
DA:38,0
DA:39,0
DA:41,0
DA:43,0
DA:44,0
DA:45,0
DA:47,0
DA:48,0
LF:21
LH:0
end_of_record
SF:/Users/mateusdaniel/.pub-cache/hosted/pub.dartlang.org/boolean_selector-2.1.1/lib/src/parser.dart
DA:21,0
DA:26,0
DA:27,0
DA:29,0
DA:30,0
DA:31,0
DA:42,0
DA:43,0
DA:44,0
DA:46,0
DA:47,0
DA:48,0
DA:51,0
DA:52,0
DA:59,0
DA:60,0
DA:61,0
DA:62,0
DA:69,0
DA:70,0
DA:71,0
DA:72,0
DA:81,0
DA:82,0
DA:83,0
DA:84,0
DA:85,0
DA:86,0
DA:88,0
DA:89,0
DA:90,0
DA:91,0
DA:92,0
DA:96,0
DA:97,0
DA:100,0
LF:36
LH:0
end_of_record
SF:/Users/mateusdaniel/.pub-cache/hosted/pub.dartlang.org/boolean_selector-2.1.1/lib/src/union_selector.dart
DA:13,0
DA:15,0
DA:17,0
DA:19,0
DA:21,0
DA:23,0
DA:25,0
DA:27,0
DA:28,0
DA:30,0
DA:32,0
DA:33,0
DA:36,0
DA:37,0
DA:39,0
DA:41,0
DA:42,0
DA:43,0
DA:45,0
DA:46,0
LF:20
LH:0
end_of_record
SF:/Users/mateusdaniel/.pub-cache/hosted/pub.dartlang.org/boolean_selector-2.1.1/lib/src/validator.dart
DA:16,0
DA:18,0
DA:20,0
DA:21,0
LF:4
LH:0
end_of_record
SF:/Users/mateusdaniel/.pub-cache/hosted/pub.dartlang.org/boolean_selector-2.1.1/lib/src/scanner.dart
DA:12,0
DA:18,0
DA:24,0
DA:37,0
DA:43,0
DA:49,0
DA:50,0
DA:51,0
DA:52,0
DA:61,0
DA:62,0
DA:63,0
DA:68,0
DA:69,0
DA:71,0
DA:72,0
DA:73,0
DA:76,0
DA:77,0
DA:78,0
DA:79,0
DA:80,0
DA:81,0
DA:82,0
DA:83,0
DA:84,0
DA:85,0
DA:86,0
DA:87,0
DA:88,0
DA:89,0
DA:90,0
DA:92,0
DA:100,0
DA:101,0
DA:102,0
DA:103,0
DA:109,0
DA:110,0
DA:111,0
DA:112,0
DA:118,0
DA:119,0
DA:120,0
DA:121,0
DA:125,0
DA:126,0
DA:127,0
DA:132,0
DA:133,0
DA:134,0
DA:142,0
DA:143,0
DA:145,0
DA:148,0
LF:55
LH:0
end_of_record
SF:/Users/mateusdaniel/.pub-cache/hosted/pub.dartlang.org/boolean_selector-2.1.1/lib/src/token.dart
DA:19,0
DA:32,0
DA:34,0
DA:35,0
DA:70,1
DA:72,0
DA:73,0
LF:7
LH:1
end_of_record
SF:/Users/mateusdaniel/.pub-cache/hosted/pub.dartlang.org/async-2.10.0/lib/src/async_cache.dart
DA:47,0
DA:54,0
DA:61,0
DA:62,0
DA:63,0
DA:65,0
DA:66,0
DA:82,0
DA:84,0
DA:85,0
DA:87,0
DA:88,0
DA:89,0
DA:90,0
DA:92,0
DA:96,0
DA:98,0
DA:100,0
DA:101,0
DA:102,0
DA:103,0
DA:106,0
DA:107,0
DA:109,0
DA:111,0
LF:25
LH:0
end_of_record
SF:/Users/mateusdaniel/.pub-cache/hosted/pub.dartlang.org/async-2.10.0/lib/src/async_memoizer.dart
DA:33,0
DA:37,0
DA:42,0
DA:43,0
DA:44,0
LF:5
LH:0
end_of_record
SF:/Users/mateusdaniel/.pub-cache/hosted/pub.dartlang.org/async-2.10.0/lib/src/byte_collector.dart
DA:16,0
DA:17,0
DA:30,0
DA:32,0
DA:34,0
DA:35,0
DA:43,0
DA:45,0
DA:46,0
DA:48,0
DA:49,0
DA:51,0
LF:12
LH:0
end_of_record
SF:/Users/mateusdaniel/.pub-cache/hosted/pub.dartlang.org/async-2.10.0/lib/src/cancelable_operation.dart
DA:18,0
DA:32,0
DA:34,0
DA:44,0
DA:46,0
DA:47,0
DA:48,0
DA:49,0
DA:50,0
DA:53,0
DA:63,0
DA:65,0
DA:66,0
DA:67,0
DA:73,0
DA:75,0
DA:78,0
DA:79,0
DA:80,0
DA:81,0
DA:82,0
DA:84,0
DA:85,0
DA:90,0
DA:98,0
DA:104,0
DA:106,0
DA:108,0
DA:109,0
DA:110,0
DA:111,0
DA:112,0
DA:113,0
DA:115,0
DA:124,0
DA:125,0
DA:126,0
DA:128,0
DA:129,0
DA:130,0
DA:132,0
DA:163,0
DA:167,0
DA:168,0
DA:172,0
DA:173,0
DA:177,0
DA:178,0
DA:212,0
DA:219,0
DA:237,0
DA:238,0
DA:240,0
DA:242,0
DA:246,0
DA:247,0
DA:248,0
DA:250,0
DA:252,0
DA:256,0
DA:257,0
DA:258,0
DA:259,0
DA:261,0
DA:263,0
DA:266,0
DA:273,0
DA:276,0
DA:283,0
DA:364,0
DA:369,0
DA:374,0
DA:384,0
DA:387,0
DA:401,0
DA:402,0
DA:403,0
DA:405,0
DA:406,0
DA:410,0
DA:412,0
DA:416,0
DA:417,0
DA:418,0
DA:419,0
DA:429,0
DA:431,0
DA:432,0
DA:433,0
DA:434,0
DA:435,0
DA:438,0
DA:439,0
DA:441,0
DA:442,0
DA:443,0
DA:444,0
DA:447,0
DA:455,0
DA:456,0
DA:458,0
DA:467,0
DA:468,0
DA:469,0
DA:470,0
DA:485,0
DA:486,0
DA:487,0
DA:489,0
DA:490,0
DA:491,0
DA:492,0
DA:494,0
LF:113
LH:0
end_of_record
SF:/Users/mateusdaniel/.pub-cache/hosted/pub.dartlang.org/async-2.10.0/lib/src/chunked_stream_reader.dart
DA:71,0
DA:72,0
DA:74,0
DA:90,0
DA:91,0
DA:92,0
DA:93,0
DA:114,0
DA:115,0
DA:116,0
DA:117,0
DA:119,0
DA:121,0
DA:123,0
DA:125,0
DA:126,0
DA:127,0
DA:130,0
DA:133,0
DA:134,0
DA:137,0
DA:138,0
DA:139,0
DA:141,0
DA:142,0
DA:143,0
DA:145,0
DA:147,0
DA:150,0
DA:154,0
DA:155,0
DA:156,0
DA:157,0
DA:163,0
DA:164,0
DA:165,0
DA:166,0
DA:167,0
DA:168,0
DA:169,0
DA:173,0
DA:174,0
DA:177,0
DA:178,0
DA:179,0
DA:184,0
DA:185,0
DA:186,0
DA:188,0
DA:191,0
DA:205,0
DA:214,0
DA:215,0
LF:53
LH:0
end_of_record
SF:/Users/mateusdaniel/.pub-cache/hosted/pub.dartlang.org/async-2.10.0/lib/src/delegate/event_sink.dart
DA:15,0
DA:17,0
DA:25,0
DA:28,0
DA:30,0
DA:32,0
DA:35,0
DA:37,0
DA:40,0
DA:42,0
LF:10
LH:0
end_of_record
SF:/Users/mateusdaniel/.pub-cache/hosted/pub.dartlang.org/async-2.10.0/lib/src/delegate/future.dart
DA:12,0
DA:20,0
DA:22,0
DA:24,0
DA:25,0
DA:27,0
DA:29,0
DA:31,0
DA:33,0
DA:35,0
DA:37,0
DA:39,0
DA:41,0
LF:13
LH:0
end_of_record
SF:/Users/mateusdaniel/.pub-cache/hosted/pub.dartlang.org/async-2.10.0/lib/src/delegate/sink.dart
DA:13,0
DA:15,0
DA:23,0
DA:26,0
DA:28,0
DA:30,0
DA:33,0
DA:35,0
LF:8
LH:0
end_of_record
SF:/Users/mateusdaniel/.pub-cache/hosted/pub.dartlang.org/async-2.10.0/lib/src/delegate/stream.dart
DA:15,0
DA:24,0
DA:25,0
LF:3
LH:0
end_of_record
SF:/Users/mateusdaniel/.pub-cache/hosted/pub.dartlang.org/async-2.10.0/lib/src/delegate/stream_consumer.dart
DA:15,0
DA:17,0
DA:25,0
DA:28,0
DA:30,0
DA:32,0
DA:33,0
DA:35,0
DA:36,0
LF:9
LH:0
end_of_record
SF:/Users/mateusdaniel/.pub-cache/hosted/pub.dartlang.org/async-2.10.0/lib/src/delegate/stream_subscription.dart
DA:16,0
DA:26,0
DA:29,0
DA:31,0
DA:33,0
DA:35,0
DA:38,0
DA:40,0
DA:43,0
DA:45,0
DA:48,0
DA:50,0
DA:53,0
DA:55,0
DA:58,0
DA:59,0
DA:61,0
DA:62,0
DA:64,0
DA:65,0
LF:20
LH:0
end_of_record
SF:/Users/mateusdaniel/.pub-cache/hosted/pub.dartlang.org/async-2.10.0/lib/src/future_group.dart
DA:26,0
DA:35,0
DA:43,0
DA:56,0
DA:57,0
DA:68,1
DA:70,1
DA:75,2
DA:76,2
DA:78,2
DA:79,2
DA:80,2
DA:82,2
DA:83,2
DA:85,2
DA:86,1
DA:87,0
DA:89,1
DA:90,0
DA:91,0
DA:92,1
DA:93,0
DA:94,0
DA:100,0
DA:102,0
DA:103,0
DA:104,0
DA:105,0
LF:28
LH:13
end_of_record
SF:/Users/mateusdaniel/.pub-cache/hosted/pub.dartlang.org/async-2.10.0/lib/src/lazy_stream.dart
DA:21,0
DA:23,0
DA:26,0
DA:29,0
DA:31,0
DA:36,0
DA:37,0
DA:40,0
DA:41,0
DA:46,0
LF:10
LH:0
end_of_record
SF:/Users/mateusdaniel/.pub-cache/hosted/pub.dartlang.org/async-2.10.0/lib/src/null_stream_sink.dart
DA:46,0
DA:51,0
DA:52,0
DA:56,0
DA:58,0
DA:60,0
DA:63,0
DA:65,0
DA:68,0
DA:70,0
DA:72,0
DA:73,0
DA:74,0
DA:75,0
DA:81,0
DA:82,0
DA:83,0
DA:84,0
DA:88,0
DA:90,0
DA:91,0
LF:21
LH:0
end_of_record
SF:/Users/mateusdaniel/.pub-cache/hosted/pub.dartlang.org/async-2.10.0/lib/src/restartable_timer.dart
DA:28,0
DA:29,0
DA:31,0
DA:32,0
DA:38,0
DA:39,0
DA:40,0
DA:43,0
DA:45,0
DA:53,0
DA:54,0
LF:11
LH:0
end_of_record
SF:/Users/mateusdaniel/.pub-cache/hosted/pub.dartlang.org/async-2.10.0/lib/src/result/error.dart
DA:18,0
DA:20,0
DA:22,0
DA:24,0
DA:27,0
DA:28,0
DA:30,0
DA:32,0
DA:35,0
DA:37,0
DA:40,0
DA:41,0
DA:49,0
DA:50,0
DA:51,0
DA:53,0
DA:57,0
DA:58,0
DA:61,0
DA:63,0
DA:64,0
DA:65,0
LF:22
LH:0
end_of_record
SF:/Users/mateusdaniel/.pub-cache/hosted/pub.dartlang.org/async-2.10.0/lib/src/result/future.dart
DA:12,0
DA:17,0
DA:20,0
DA:21,0
DA:22,0
LF:5
LH:0
end_of_record
SF:/Users/mateusdaniel/.pub-cache/hosted/pub.dartlang.org/async-2.10.0/lib/src/result/result.dart
DA:63,0
DA:65,0
DA:67,0
DA:79,0
DA:80,0
DA:86,0
DA:87,0
DA:97,0
DA:98,0
DA:101,0
DA:102,0
DA:103,0
DA:104,0
DA:105,0
DA:106,0
DA:107,0
DA:108,0
DA:109,0
DA:113,0
DA:116,0
DA:117,0
DA:119,0
DA:120,0
DA:130,0
DA:131,0
DA:137,0
DA:138,0
DA:145,0
DA:146,0
DA:153,0
DA:154,0
DA:163,0
DA:164,0
DA:172,0
DA:173,0
DA:174,0
DA:181,0
DA:182,0
DA:183,0
DA:184,0
DA:185,0
DA:187,0
DA:190,0
LF:43
LH:0
end_of_record
SF:/Users/mateusdaniel/.pub-cache/hosted/pub.dartlang.org/async-2.10.0/lib/src/result/value.dart
DA:15,0
DA:17,0
DA:19,0
DA:21,0
DA:24,1
DA:26,1
DA:28,2
DA:31,0
DA:33,0
DA:36,0
DA:37,0
DA:39,0
DA:40,0
DA:42,0
DA:44,0
LF:15
LH:3
end_of_record
SF:/Users/mateusdaniel/.pub-cache/hosted/pub.dartlang.org/async-2.10.0/lib/src/single_subscription_transformer.dart
DA:17,0
DA:19,0
DA:23,0
DA:24,0
DA:28,0
DA:29,0
DA:30,0
DA:32,0
DA:33,0
LF:9
LH:0
end_of_record
SF:/Users/mateusdaniel/.pub-cache/hosted/pub.dartlang.org/async-2.10.0/lib/src/sink_base.dart
DA:20,0
DA:22,0
DA:24,0
DA:25,0
DA:32,0
DA:34,0
DA:35,0
DA:42,0
DA:43,0
DA:55,0
DA:56,0
DA:71,0
DA:72,0
DA:74,0
DA:76,0
DA:78,0
DA:79,0
DA:80,0
DA:81,0
DA:82,0
DA:84,0
DA:87,0
DA:89,0
DA:90,0
DA:93,0
DA:95,0
DA:96,0
DA:114,0
DA:125,0
DA:126,0
DA:127,0
DA:129,0
DA:130,0
DA:131,0
DA:141,0
DA:142,0
DA:143,0
DA:144,0
DA:148,0
DA:150,0
DA:154,0
DA:157,0
DA:162,0
DA:163,0
DA:164,0
DA:168,0
DA:169,0
LF:47
LH:0
end_of_record
SF:/Users/mateusdaniel/.pub-cache/hosted/pub.dartlang.org/async-2.10.0/lib/src/stream_closer.dart
DA:39,0
DA:40,0
DA:41,0
DA:43,0
DA:45,0
DA:46,0
DA:47,0
DA:48,0
DA:49,0
DA:53,0
DA:54,0
DA:58,0
DA:60,0
DA:62,0
DA:63,0
DA:64,0
DA:66,0
DA:67,0
DA:70,0
DA:75,0
DA:76,0
DA:77,0
DA:78,0
DA:79,0
DA:81,0
DA:83,0
DA:84,0
DA:85,0
DA:88,0
DA:89,0
DA:95,0
DA:100,0
DA:101,0
DA:103,0
DA:106,0
LF:35
LH:0
end_of_record
SF:/Users/mateusdaniel/.pub-cache/hosted/pub.dartlang.org/async-2.10.0/lib/src/stream_completer.dart
DA:37,0
DA:38,0
DA:39,0
DA:40,0
DA:52,2
DA:76,1
DA:77,2
DA:78,0
DA:80,2
DA:87,0
DA:88,0
DA:89,0
DA:91,0
DA:100,0
DA:101,0
DA:119,1
DA:122,1
DA:123,1
DA:124,1
DA:127,1
DA:130,0
DA:131,0
DA:132,0
DA:135,0
DA:142,2
DA:150,1
DA:151,1
DA:152,1
DA:153,1
DA:155,0
DA:160,0
DA:161,0
DA:163,0
DA:164,0
DA:171,0
DA:172,0
DA:173,0
DA:174,0
DA:175,0
DA:179,0
DA:180,0
LF:41
LH:14
end_of_record
SF:/Users/mateusdaniel/.pub-cache/hosted/pub.dartlang.org/async-2.10.0/lib/src/stream_extensions.dart
DA:21,0
DA:22,0
DA:24,0
DA:25,0
DA:26,0
DA:27,0
DA:28,0
DA:29,0
DA:31,0
DA:32,0
DA:33,0
DA:44,0
DA:45,0
DA:46,0
DA:47,0
DA:48,0
DA:50,0
DA:51,0
DA:52,0
DA:55,0
LF:20
LH:0
end_of_record
SF:/Users/mateusdaniel/.pub-cache/hosted/pub.dartlang.org/async-2.10.0/lib/src/stream_group.dart
DA:33,0
DA:37,0
DA:54,0
DA:74,0
DA:75,0
DA:93,0
DA:94,0
DA:95,0
DA:96,0
DA:97,0
DA:104,0
DA:105,0
DA:106,0
DA:107,0
DA:108,0
DA:112,0
DA:113,0
DA:114,0
DA:115,0
DA:116,0
DA:117,0
DA:122,0
DA:123,0
DA:124,0
DA:139,0
DA:141,0
DA:142,0
DA:145,0
DA:146,0
DA:147,0
DA:151,0
DA:153,0
DA:170,0
DA:171,0
DA:172,0
DA:174,0
DA:175,0
DA:176,0
DA:177,0
DA:178,0
DA:188,0
DA:189,0
DA:191,0
DA:195,0
DA:197,0
DA:199,0
DA:204,0
DA:211,0
DA:212,0
DA:213,0
DA:214,0
DA:219,0
DA:220,0
DA:221,0
DA:222,0
DA:229,0
DA:230,0
DA:232,0
DA:233,0
DA:234,0
DA:236,0
DA:237,0
DA:242,0
DA:243,0
DA:245,0
DA:247,0
DA:248,0
DA:249,0
DA:250,0
DA:253,0
DA:259,0
DA:260,0
DA:262,0
DA:267,0
DA:268,0
DA:269,0
DA:276,0
DA:277,0
DA:278,0
DA:279,0
DA:289,0
DA:291,0
DA:293,0
DA:294,0
DA:296,0
DA:334,1
DA:336,0
DA:337,0
LF:88
LH:1
end_of_record
SF:/Users/mateusdaniel/.pub-cache/hosted/pub.dartlang.org/async-2.10.0/lib/src/stream_queue.dart
DA:104,0
DA:118,2
DA:121,1
DA:123,2
DA:124,0
DA:125,0
DA:140,0
DA:141,0
DA:142,0
DA:143,0
DA:144,0
DA:152,0
DA:153,0
DA:154,0
DA:155,0
DA:156,0
DA:157,0
DA:174,1
DA:175,1
DA:176,1
DA:177,1
DA:178,1
DA:185,0
DA:186,0
DA:187,0
DA:188,0
DA:189,0
DA:201,1
DA:202,1
DA:203,1
DA:204,1
DA:205,1
DA:206,1
DA:224,0
DA:225,0
DA:226,0
DA:227,0
DA:228,0
DA:229,0
DA:247,0
DA:248,0
DA:249,0
DA:250,0
DA:251,0
DA:252,0
DA:287,0
DA:288,0
DA:290,0
DA:291,0
DA:292,0
DA:319,0
DA:321,0
DA:323,0
DA:326,0
DA:328,0
DA:332,0
DA:334,0
DA:358,0
DA:360,0
DA:361,0
DA:362,0
DA:365,0
DA:366,0
DA:367,0
DA:370,0
DA:389,0
DA:390,0
DA:391,0
DA:394,0
DA:395,0
DA:396,0
DA:399,0
DA:400,0
DA:417,1
DA:418,2
DA:419,5
DA:420,2
DA:426,1
DA:427,1
DA:437,1
DA:438,1
DA:439,1
DA:440,0
DA:442,1
DA:444,1
DA:446,0
DA:448,1
DA:450,1
DA:451,1
DA:454,1
DA:463,1
DA:464,2
DA:472,1
DA:473,1
DA:474,1
DA:475,4
DA:476,2
DA:477,0
DA:478,0
DA:479,0
DA:480,0
DA:481,0
DA:484,0
DA:489,0
DA:490,0
DA:491,0
DA:492,0
DA:493,0
DA:503,1
DA:504,2
DA:505,2
DA:506,1
DA:511,0
DA:512,0
DA:513,0
DA:520,1
DA:521,1
DA:528,1
DA:529,2
DA:530,3
DA:531,1
DA:533,2
DA:558,0
DA:559,0
DA:566,0
DA:567,0
DA:568,0
DA:581,0
DA:582,0
DA:583,0
DA:584,0
DA:585,0
DA:586,0
DA:588,0
DA:592,0
DA:593,0
DA:596,0
DA:606,0
DA:607,0
DA:608,0
DA:609,0
DA:614,0
DA:615,0
DA:616,0
DA:617,0
DA:620,0
DA:621,0
DA:622,0
DA:623,0
DA:624,0
DA:629,0
DA:630,0
DA:631,0
DA:632,0
DA:633,0
DA:684,1
DA:686,3
DA:688,1
DA:690,1
DA:691,3
DA:695,0
DA:710,0
DA:712,0
DA:714,0
DA:716,0
DA:717,0
DA:721,0
DA:741,0
DA:744,0
DA:746,0
DA:748,0
DA:749,0
DA:753,0
DA:755,0
DA:756,0
DA:757,0
DA:758,0
DA:762,0
DA:781,0
DA:784,0
DA:789,0
DA:791,0
DA:793,0
DA:794,0
DA:799,0
DA:800,0
DA:801,0
DA:804,0
DA:806,0
DA:813,0
DA:815,0
DA:817,0
DA:818,0
DA:822,0
DA:823,0
DA:824,0
DA:827,0
DA:829,0
DA:847,0
DA:850,0
DA:852,0
DA:854,0
DA:855,0
DA:857,0
DA:858,0
DA:879,1
DA:882,3
DA:884,1
DA:886,1
DA:887,2
DA:888,0
DA:890,4
DA:895,0
DA:896,0
DA:897,0
DA:900,0
DA:901,0
DA:902,0
DA:917,0
DA:919,0
DA:921,0
DA:922,0
DA:926,0
DA:949,0
DA:950,0
DA:953,0
DA:955,0
DA:956,0
DA:958,0
DA:959,0
LF:230
LH:58
end_of_record
SF:/Users/mateusdaniel/.pub-cache/hosted/pub.dartlang.org/async-2.10.0/lib/src/stream_sink_completer.dart
DA:31,0
DA:40,0
DA:41,0
DA:42,0
DA:43,0
DA:61,0
DA:62,0
DA:63,0
DA:65,0
DA:75,0
DA:76,0
DA:101,0
DA:103,0
DA:105,0
DA:106,0
DA:107,0
DA:108,0
DA:110,0
DA:113,0
DA:115,0
DA:116,0
DA:118,0
DA:122,0
DA:124,0
DA:125,0
DA:127,0
DA:131,0
DA:133,0
DA:135,0
DA:138,0
DA:140,0
DA:141,0
DA:143,0
DA:145,0
DA:149,0
DA:150,0
DA:159,0
DA:160,0
DA:161,0
DA:165,0
DA:169,0
DA:170,0
DA:171,0
DA:176,0
DA:177,0
LF:45
LH:0
end_of_record
SF:/Users/mateusdaniel/.pub-cache/hosted/pub.dartlang.org/async-2.10.0/lib/src/stream_sink_extensions.dart
DA:13,0
DA:14,0
DA:21,0
LF:3
LH:0
end_of_record
SF:/Users/mateusdaniel/.pub-cache/hosted/pub.dartlang.org/async-2.10.0/lib/src/stream_sink_transformer.dart
DA:36,0
DA:40,0
DA:56,0
DA:60,0
DA:62,0
LF:5
LH:0
end_of_record
SF:/Users/mateusdaniel/.pub-cache/hosted/pub.dartlang.org/async-2.10.0/lib/src/stream_splitter.dart
DA:60,0
DA:62,0
DA:63,0
DA:64,0
DA:68,1
DA:73,1
DA:74,1
DA:75,0
DA:78,1
DA:79,3
DA:80,3
DA:82,1
DA:83,0
DA:86,1
DA:87,0
DA:89,2
DA:92,1
DA:104,0
DA:105,0
DA:106,0
DA:108,0
DA:109,0
DA:111,0
DA:124,0
DA:125,0
DA:126,0
DA:129,0
DA:130,0
DA:131,0
DA:138,1
DA:139,1
DA:141,1
DA:145,2
DA:147,1
DA:148,5
DA:153,0
DA:154,0
DA:155,0
DA:161,0
DA:162,0
DA:171,1
DA:172,2
DA:173,2
DA:175,1
DA:176,0
DA:178,2
DA:185,1
DA:186,4
DA:187,2
DA:188,1
DA:193,0
DA:194,0
DA:195,0
DA:196,0
DA:201,1
DA:202,1
DA:203,2
DA:204,3
LF:58
LH:29
end_of_record
SF:/Users/mateusdaniel/.pub-cache/hosted/pub.dartlang.org/async-2.10.0/lib/src/stream_subscription_transformer.dart
DA:30,0
DA:34,0
DA:35,0
DA:36,0
DA:37,0
DA:39,0
DA:40,0
DA:43,0
DA:44,0
DA:64,0
DA:65,0
DA:67,0
DA:70,0
DA:72,0
DA:75,0
DA:77,0
DA:80,0
DA:82,0
DA:85,0
DA:86,0
DA:87,0
DA:88,0
DA:89,0
DA:92,0
DA:93,0
DA:94,0
DA:98,0
DA:100,0
DA:101,0
DA:102,0
DA:105,0
DA:107,0
DA:108,0
DA:111,0
DA:113,0
LF:35
LH:0
end_of_record
SF:/Users/mateusdaniel/.pub-cache/hosted/pub.dartlang.org/async-2.10.0/lib/src/stream_zip.dart
DA:18,0
DA:20,0
DA:24,0
DA:30,0
DA:31,0
DA:32,0
DA:33,0
DA:34,0
DA:35,0
DA:37,0
DA:38,0
DA:40,0
DA:42,0
DA:49,0
DA:50,0
DA:57,0
DA:58,0
DA:59,0
DA:61,0
DA:64,0
DA:65,0
DA:66,0
DA:68,0
DA:72,0
DA:73,0
DA:74,0
DA:75,0
DA:82,0
DA:83,0
DA:88,0
DA:90,0
DA:91,0
DA:95,0
DA:97,0
DA:98,0
DA:99,0
DA:101,0
DA:102,0
DA:104,0
DA:108,0
DA:109,0
DA:111,0
LF:42
LH:0
end_of_record
SF:/Users/mateusdaniel/.pub-cache/hosted/pub.dartlang.org/async-2.10.0/lib/src/subscription_stream.dart
DA:32,1
DA:34,1
DA:35,1
DA:37,1
DA:38,1
DA:39,1
DA:42,1
DA:45,1
DA:47,0
DA:49,1
DA:50,1
DA:53,0
DA:55,1
DA:56,1
DA:57,1
DA:58,1
DA:71,0
DA:73,0
DA:76,0
DA:78,0
DA:79,0
DA:80,0
DA:82,0
LF:23
LH:14
end_of_record
SF:/Users/mateusdaniel/.pub-cache/hosted/pub.dartlang.org/async-2.10.0/lib/src/typed_stream_transformer.dart
DA:13,0
DA:16,0
DA:18,0
DA:25,0
DA:27,0
DA:28,0
LF:6
LH:0
end_of_record
SF:/Users/mateusdaniel/.pub-cache/hosted/pub.dartlang.org/async-2.10.0/lib/src/typed/stream_subscription.dart
DA:10,0
DA:11,0
DA:13,0
DA:15,0
DA:17,0
DA:18,0
DA:21,0
DA:23,0
DA:26,0
DA:28,0
DA:31,0
DA:33,0
DA:36,0
DA:38,0
DA:41,0
DA:42,0
DA:44,0
DA:46,0
LF:18
LH:0
end_of_record
SF:/Users/mateusdaniel/.pub-cache/hosted/pub.dartlang.org/async-2.10.0/lib/src/result/capture_sink.dart
DA:13,0
DA:15,0
DA:17,0
DA:20,0
DA:22,0
DA:25,0
DA:27,0
LF:7
LH:0
end_of_record
SF:/Users/mateusdaniel/.pub-cache/hosted/pub.dartlang.org/async-2.10.0/lib/src/result/capture_transformer.dart
DA:15,1
DA:17,0
DA:19,0
LF:3
LH:1
end_of_record
SF:/Users/mateusdaniel/.pub-cache/hosted/pub.dartlang.org/async-2.10.0/lib/src/result/release_sink.dart
DA:13,0
DA:15,0
DA:17,0
DA:20,0
DA:24,0
DA:27,0
DA:29,0
LF:7
LH:0
end_of_record
SF:/Users/mateusdaniel/.pub-cache/hosted/pub.dartlang.org/async-2.10.0/lib/src/result/release_transformer.dart
DA:12,1
DA:14,0
DA:16,0
DA:20,0
LF:4
LH:1
end_of_record
SF:/Users/mateusdaniel/.pub-cache/hosted/pub.dartlang.org/async-2.10.0/lib/src/stream_sink_transformer/reject_errors.dart
DA:12,0
DA:13,0
DA:31,0
DA:33,0
DA:34,0
DA:35,0
DA:36,0
DA:37,0
DA:38,0
DA:39,0
DA:52,0
DA:54,0
DA:56,0
DA:57,0
DA:58,0
DA:60,0
DA:62,0
DA:65,0
DA:67,0
DA:68,0
DA:69,0
DA:71,0
DA:73,0
DA:80,0
DA:81,0
DA:82,0
DA:86,0
DA:89,0
DA:91,0
DA:92,0
DA:93,0
DA:95,0
DA:97,0
DA:98,0
DA:99,0
DA:100,0
DA:101,0
DA:102,0
DA:106,0
DA:108,0
DA:109,0
DA:112,0
DA:113,0
DA:115,0
DA:117,0
DA:119,0
DA:124,0
DA:125,0
DA:126,0
DA:127,0
DA:128,0
LF:51
LH:0
end_of_record
SF:/Users/mateusdaniel/.pub-cache/hosted/pub.dartlang.org/async-2.10.0/lib/src/stream_sink_transformer/handler_transformer.dart
DA:30,0
DA:32,0
DA:33,0
DA:48,0
DA:49,0
DA:51,0
DA:53,0
DA:55,0
DA:57,0
DA:59,0
DA:61,0
DA:65,0
DA:67,0
DA:69,0
DA:71,0
DA:72,0
DA:76,0
DA:78,0
DA:79,0
DA:80,0
DA:81,0
DA:85,0
DA:87,0
DA:88,0
DA:90,0
DA:91,0
DA:101,0
DA:103,0
DA:104,0
DA:108,0
DA:109,0
LF:31
LH:0
end_of_record
SF:/Users/mateusdaniel/.pub-cache/hosted/pub.dartlang.org/async-2.10.0/lib/src/stream_sink_transformer/stream_transformer_wrapper.dart
DA:14,1
DA:16,0
DA:18,0
DA:32,0
DA:33,0
DA:35,0
DA:37,0
DA:38,0
DA:39,0
DA:43,0
DA:47,0
DA:49,0
DA:52,0
DA:54,0
DA:57,0
DA:58,0
DA:60,0
DA:62,0
DA:63,0
LF:19
LH:1
end_of_record
SF:/Users/mateusdaniel/.pub-cache/hosted/pub.dartlang.org/async-2.10.0/lib/src/stream_sink_transformer/typed.dart
DA:15,0
DA:17,0
DA:18,0
DA:19,0
LF:4
LH:0
end_of_record
